<?xml version="1.0" encoding="UTF-8"?>
<!-- Generated by org.testng.reporters.JUnitXMLReporter -->
<testsuite hostname="Mhumhu-PC" name="Command line test" tests="26" failures="0" timestamp="23 Oct 2014 07:20:59 GMT" time="10.557" errors="0">
  <testcase name="createAutoSupplier" time="0.107" classname="com.mycompany.carshop.test.repository.AutoSupplierRepositoryTest"/>
  <testcase name="createAutomobile" time="0.015" classname="com.mycompany.carshop.test.repository.AutomobileRepositoryTest"/>
  <testcase name="createAutomobileType" time="0.038" classname="com.mycompany.carshop.test.repository.AutomobileTypeRepositoryTest"/>
  <testcase name="createCreditCard" time="0.012" classname="com.mycompany.carshop.test.repository.CreditCardRepositoryTest"/>
  <testcase name="testForCreditApproval" time="0.375" classname="com.mycompany.carshop.test.services.CreditCardServiceTest"/>
  <testcase name="testForInsufficientbalance" time="0.045" classname="com.mycompany.carshop.test.services.CreditCardServiceTest"/>
  <testcase name="testForWrongCreditCardExpiryDate" time="0.039" classname="com.mycompany.carshop.test.services.CreditCardServiceTest"/>
  <testcase name="getCustomerAddress" time="0.044" classname="com.mycompany.carshop.test.services.CustomerInfoServiceTest"/>
  <testcase name="createInvoice" time="0.008" classname="com.mycompany.carshop.test.repository.CustomerInvoiceTest"/>
  <testcase name="createCustomer" time="0.027" classname="com.mycompany.carshop.test.repository.CustomerRepositoryTest"/>
  <testcase name="createMarketingInfo" time="0.041" classname="com.mycompany.carshop.test.repository.MarketInformationRepositoryTest"/>
  <testcase name="createOrder" time="0.055" classname="com.mycompany.carshop.test.repository.OrderRepositoryTest"/>
  <testcase name="testProcessInvoicesService" time="0.071" classname="com.mycompany.carshop.test.services.ProcessInvoicesServiceTest"/>
  <testcase name="getCustomerAddress" time="0.01" classname="com.mycompany.carshop.test.services.SuppliersDetailsServiceTest"/>
  <testcase name="readAutoSupplier" time="0.003" classname="com.mycompany.carshop.test.repository.AutoSupplierRepositoryTest"/>
  <testcase name="readAutomobile" time="0.002" classname="com.mycompany.carshop.test.repository.AutomobileRepositoryTest"/>
  <testcase name="readAutomobileType" time="0.003" classname="com.mycompany.carshop.test.repository.AutomobileTypeRepositoryTest"/>
  <testcase name="readCreditCard" time="0.002" classname="com.mycompany.carshop.test.repository.CreditCardRepositoryTest"/>
  <testcase name="readInvoice" time="0.003" classname="com.mycompany.carshop.test.repository.CustomerInvoiceTest"/>
  <testcase name="readCustomer" time="0.004" classname="com.mycompany.carshop.test.repository.CustomerRepositoryTest"/>
  <testcase name="readMarketingInfo" time="0.005" classname="com.mycompany.carshop.test.repository.MarketInformationRepositoryTest"/>
  <testcase name="readOrder" time="0.004" classname="com.mycompany.carshop.test.repository.OrderRepositoryTest"/>
  <testcase name="updateAutomobile" time="0.021" classname="com.mycompany.carshop.test.repository.AutomobileRepositoryTest"/>
  <testcase name="updateCreditCard" time="0.011" classname="com.mycompany.carshop.test.repository.CreditCardRepositoryTest"/>
  <testcase name="updateCustomer" time="0.018" classname="com.mycompany.carshop.test.repository.CustomerRepositoryTest"/>
  <testcase name="updateMarketingInfo" time="0.012" classname="com.mycompany.carshop.test.repository.MarketInformationRepositoryTest"/>
</testsuite> <!-- Command line test -->
