<?xml version="1.0" encoding="UTF-8"?>
<testng-results skipped="0" failed="0" total="26" passed="26">
  <reporter-output>
  </reporter-output>
  <suite name="Command line suite" duration-ms="10557" started-at="2014-10-23T07:20:49Z" finished-at="2014-10-23T07:20:59Z">
    <groups>
    </groups>
    <test name="Command line test" duration-ms="10557" started-at="2014-10-23T07:20:49Z" finished-at="2014-10-23T07:20:59Z">
      <class name="com.mycompany.carshop.test.repository.CustomerInvoiceTest">
        <test-method status="PASS" signature="setUpClass()[pri:0, instance:com.mycompany.carshop.test.repository.CustomerInvoiceTest@cb5822]" name="setUpClass" is-config="true" duration-ms="463" started-at="2014-10-23T09:20:56Z" finished-at="2014-10-23T09:20:57Z">
          <reporter-output>
          </reporter-output>
        </test-method> <!-- setUpClass -->
        <test-method status="PASS" signature="setUpMethod()[pri:0, instance:com.mycompany.carshop.test.repository.CustomerInvoiceTest@cb5822]" name="setUpMethod" is-config="true" duration-ms="1" started-at="2014-10-23T09:20:57Z" finished-at="2014-10-23T09:20:57Z">
          <reporter-output>
          </reporter-output>
        </test-method> <!-- setUpMethod -->
        <test-method status="PASS" signature="createInvoice()[pri:0, instance:com.mycompany.carshop.test.repository.CustomerInvoiceTest@cb5822]" name="createInvoice" duration-ms="8" started-at="2014-10-23T09:20:57Z" finished-at="2014-10-23T09:20:57Z">
          <reporter-output>
          </reporter-output>
        </test-method> <!-- createInvoice -->
        <test-method status="PASS" signature="tearDownMethod()[pri:0, instance:com.mycompany.carshop.test.repository.CustomerInvoiceTest@cb5822]" name="tearDownMethod" is-config="true" duration-ms="0" started-at="2014-10-23T09:20:57Z" finished-at="2014-10-23T09:20:57Z">
          <reporter-output>
          </reporter-output>
        </test-method> <!-- tearDownMethod -->
        <test-method status="PASS" signature="readInvoice()[pri:0, instance:com.mycompany.carshop.test.repository.CustomerInvoiceTest@cb5822]" name="readInvoice" duration-ms="3" started-at="2014-10-23T09:20:59Z" depends-on-methods="com.mycompany.carshop.test.repository.CustomerInvoiceTest.createInvoice" finished-at="2014-10-23T09:20:59Z">
          <reporter-output>
          </reporter-output>
        </test-method> <!-- readInvoice -->
        <test-method status="PASS" signature="setUpMethod()[pri:0, instance:com.mycompany.carshop.test.repository.CustomerInvoiceTest@cb5822]" name="setUpMethod" is-config="true" duration-ms="0" started-at="2014-10-23T09:20:59Z" finished-at="2014-10-23T09:20:59Z">
          <reporter-output>
          </reporter-output>
        </test-method> <!-- setUpMethod -->
        <test-method status="PASS" signature="tearDownMethod()[pri:0, instance:com.mycompany.carshop.test.repository.CustomerInvoiceTest@cb5822]" name="tearDownMethod" is-config="true" duration-ms="1" started-at="2014-10-23T09:20:59Z" finished-at="2014-10-23T09:20:59Z">
          <reporter-output>
          </reporter-output>
        </test-method> <!-- tearDownMethod -->
        <test-method status="PASS" signature="tearDownClass()[pri:0, instance:com.mycompany.carshop.test.repository.CustomerInvoiceTest@cb5822]" name="tearDownClass" is-config="true" duration-ms="0" started-at="2014-10-23T09:20:59Z" finished-at="2014-10-23T09:20:59Z">
          <reporter-output>
          </reporter-output>
        </test-method> <!-- tearDownClass -->
      </class> <!-- com.mycompany.carshop.test.repository.CustomerInvoiceTest -->
      <class name="com.mycompany.carshop.test.services.CreditCardServiceTest">
        <test-method status="PASS" signature="setUpClass()[pri:0, instance:com.mycompany.carshop.test.services.CreditCardServiceTest@bd1b6a]" name="setUpClass" is-config="true" duration-ms="592" started-at="2014-10-23T09:20:55Z" finished-at="2014-10-23T09:20:55Z">
          <reporter-output>
          </reporter-output>
        </test-method> <!-- setUpClass -->
        <test-method status="PASS" signature="setUpMethod()[pri:0, instance:com.mycompany.carshop.test.services.CreditCardServiceTest@bd1b6a]" name="setUpMethod" is-config="true" duration-ms="0" started-at="2014-10-23T09:20:55Z" finished-at="2014-10-23T09:20:55Z">
          <reporter-output>
          </reporter-output>
        </test-method> <!-- setUpMethod -->
        <test-method status="PASS" signature="testForCreditApproval()[pri:0, instance:com.mycompany.carshop.test.services.CreditCardServiceTest@bd1b6a]" name="testForCreditApproval" duration-ms="375" started-at="2014-10-23T09:20:55Z" finished-at="2014-10-23T09:20:55Z">
          <reporter-output>
          </reporter-output>
        </test-method> <!-- testForCreditApproval -->
        <test-method status="PASS" signature="tearDownMethod()[pri:0, instance:com.mycompany.carshop.test.services.CreditCardServiceTest@bd1b6a]" name="tearDownMethod" is-config="true" duration-ms="0" started-at="2014-10-23T09:20:55Z" finished-at="2014-10-23T09:20:55Z">
          <reporter-output>
          </reporter-output>
        </test-method> <!-- tearDownMethod -->
        <test-method status="PASS" signature="setUpMethod()[pri:0, instance:com.mycompany.carshop.test.services.CreditCardServiceTest@bd1b6a]" name="setUpMethod" is-config="true" duration-ms="0" started-at="2014-10-23T09:20:55Z" finished-at="2014-10-23T09:20:55Z">
          <reporter-output>
          </reporter-output>
        </test-method> <!-- setUpMethod -->
        <test-method status="PASS" signature="testForInsufficientbalance()[pri:0, instance:com.mycompany.carshop.test.services.CreditCardServiceTest@bd1b6a]" name="testForInsufficientbalance" duration-ms="45" started-at="2014-10-23T09:20:55Z" finished-at="2014-10-23T09:20:56Z">
          <exception class="com.mycompany.carshop.app.exceptions.CreditCardRejectionException">
            <message>
              <![CDATA[Credit Number is Wrong]]>
            </message>
            <full-stacktrace>
              <![CDATA[com.mycompany.carshop.app.exceptions.CreditCardRejectionException: Credit Number is Wrong
	at com.mycompany.carshop.services.impl.CreditCardServiceImpl.processPayment(CreditCardServiceImpl.java:45)
	at com.mycompany.carshop.test.services.CreditCardServiceTest.testForInsufficientbalance(CreditCardServiceTest.java:125)
	at sun.reflect.NativeMethodAccessorImpl.invoke0(Native Method)
	at sun.reflect.NativeMethodAccessorImpl.invoke(NativeMethodAccessorImpl.java:62)
	at sun.reflect.DelegatingMethodAccessorImpl.invoke(DelegatingMethodAccessorImpl.java:43)
	at java.lang.reflect.Method.invoke(Method.java:483)
	at org.testng.internal.MethodInvocationHelper.invokeMethod(MethodInvocationHelper.java:84)
	at org.testng.internal.Invoker.invokeMethod(Invoker.java:714)
	at org.testng.internal.Invoker.invokeTestMethod(Invoker.java:901)
	at org.testng.internal.Invoker.invokeTestMethods(Invoker.java:1231)
	at org.testng.internal.TestMethodWorker.invokeTestMethods(TestMethodWorker.java:127)
	at org.testng.internal.TestMethodWorker.run(TestMethodWorker.java:111)
	at org.testng.TestRunner.privateRun(TestRunner.java:767)
	at org.testng.TestRunner.run(TestRunner.java:617)
	at org.testng.SuiteRunner.runTest(SuiteRunner.java:348)
	at org.testng.SuiteRunner.runSequentially(SuiteRunner.java:343)
	at org.testng.SuiteRunner.privateRun(SuiteRunner.java:305)
	at org.testng.SuiteRunner.run(SuiteRunner.java:254)
	at org.testng.SuiteRunnerWorker.runSuite(SuiteRunnerWorker.java:52)
	at org.testng.SuiteRunnerWorker.run(SuiteRunnerWorker.java:86)
	at org.testng.TestNG.runSuitesSequentially(TestNG.java:1224)
	at org.testng.TestNG.runSuitesLocally(TestNG.java:1149)
	at org.testng.TestNG.run(TestNG.java:1057)
	at org.apache.maven.surefire.testng.TestNGExecutor.run(TestNGExecutor.java:70)
	at org.apache.maven.surefire.testng.TestNGDirectoryTestSuite.executeMulti(TestNGDirectoryTestSuite.java:158)
	at org.apache.maven.surefire.testng.TestNGDirectoryTestSuite.execute(TestNGDirectoryTestSuite.java:98)
	at org.apache.maven.surefire.testng.TestNGProvider.invoke(TestNGProvider.java:111)
	at sun.reflect.NativeMethodAccessorImpl.invoke0(Native Method)
	at sun.reflect.NativeMethodAccessorImpl.invoke(NativeMethodAccessorImpl.java:62)
	at sun.reflect.DelegatingMethodAccessorImpl.invoke(DelegatingMethodAccessorImpl.java:43)
	at java.lang.reflect.Method.invoke(Method.java:483)
	at org.apache.maven.surefire.util.ReflectionUtils.invokeMethodWithArray(ReflectionUtils.java:164)
	at org.apache.maven.surefire.booter.ProviderFactory$ProviderProxy.invoke(ProviderFactory.java:110)
	at org.apache.maven.surefire.booter.SurefireStarter.invokeProvider(SurefireStarter.java:175)
	at org.apache.maven.surefire.booter.SurefireStarter.runSuitesInProcessWhenForked(SurefireStarter.java:107)
	at org.apache.maven.surefire.booter.ForkedBooter.main(ForkedBooter.java:68)
]]>
            </full-stacktrace>
          </exception> <!-- com.mycompany.carshop.app.exceptions.CreditCardRejectionException -->
          <reporter-output>
          </reporter-output>
        </test-method> <!-- testForInsufficientbalance -->
        <test-method status="PASS" signature="tearDownMethod()[pri:0, instance:com.mycompany.carshop.test.services.CreditCardServiceTest@bd1b6a]" name="tearDownMethod" is-config="true" duration-ms="1" started-at="2014-10-23T09:20:56Z" finished-at="2014-10-23T09:20:56Z">
          <reporter-output>
          </reporter-output>
        </test-method> <!-- tearDownMethod -->
        <test-method status="PASS" signature="testForWrongCreditCardExpiryDate()[pri:0, instance:com.mycompany.carshop.test.services.CreditCardServiceTest@bd1b6a]" name="testForWrongCreditCardExpiryDate" duration-ms="39" started-at="2014-10-23T09:20:56Z" finished-at="2014-10-23T09:20:56Z">
          <exception class="com.mycompany.carshop.app.exceptions.CreditCardRejectionException">
            <message>
              <![CDATA[Credit Number is Wrong]]>
            </message>
            <full-stacktrace>
              <![CDATA[com.mycompany.carshop.app.exceptions.CreditCardRejectionException: Credit Number is Wrong
	at com.mycompany.carshop.services.impl.CreditCardServiceImpl.processPayment(CreditCardServiceImpl.java:45)
	at com.mycompany.carshop.test.services.CreditCardServiceTest.testForWrongCreditCardExpiryDate(CreditCardServiceTest.java:102)
	at sun.reflect.NativeMethodAccessorImpl.invoke0(Native Method)
	at sun.reflect.NativeMethodAccessorImpl.invoke(NativeMethodAccessorImpl.java:62)
	at sun.reflect.DelegatingMethodAccessorImpl.invoke(DelegatingMethodAccessorImpl.java:43)
	at java.lang.reflect.Method.invoke(Method.java:483)
	at org.testng.internal.MethodInvocationHelper.invokeMethod(MethodInvocationHelper.java:84)
	at org.testng.internal.Invoker.invokeMethod(Invoker.java:714)
	at org.testng.internal.Invoker.invokeTestMethod(Invoker.java:901)
	at org.testng.internal.Invoker.invokeTestMethods(Invoker.java:1231)
	at org.testng.internal.TestMethodWorker.invokeTestMethods(TestMethodWorker.java:127)
	at org.testng.internal.TestMethodWorker.run(TestMethodWorker.java:111)
	at org.testng.TestRunner.privateRun(TestRunner.java:767)
	at org.testng.TestRunner.run(TestRunner.java:617)
	at org.testng.SuiteRunner.runTest(SuiteRunner.java:348)
	at org.testng.SuiteRunner.runSequentially(SuiteRunner.java:343)
	at org.testng.SuiteRunner.privateRun(SuiteRunner.java:305)
	at org.testng.SuiteRunner.run(SuiteRunner.java:254)
	at org.testng.SuiteRunnerWorker.runSuite(SuiteRunnerWorker.java:52)
	at org.testng.SuiteRunnerWorker.run(SuiteRunnerWorker.java:86)
	at org.testng.TestNG.runSuitesSequentially(TestNG.java:1224)
	at org.testng.TestNG.runSuitesLocally(TestNG.java:1149)
	at org.testng.TestNG.run(TestNG.java:1057)
	at org.apache.maven.surefire.testng.TestNGExecutor.run(TestNGExecutor.java:70)
	at org.apache.maven.surefire.testng.TestNGDirectoryTestSuite.executeMulti(TestNGDirectoryTestSuite.java:158)
	at org.apache.maven.surefire.testng.TestNGDirectoryTestSuite.execute(TestNGDirectoryTestSuite.java:98)
	at org.apache.maven.surefire.testng.TestNGProvider.invoke(TestNGProvider.java:111)
	at sun.reflect.NativeMethodAccessorImpl.invoke0(Native Method)
	at sun.reflect.NativeMethodAccessorImpl.invoke(NativeMethodAccessorImpl.java:62)
	at sun.reflect.DelegatingMethodAccessorImpl.invoke(DelegatingMethodAccessorImpl.java:43)
	at java.lang.reflect.Method.invoke(Method.java:483)
	at org.apache.maven.surefire.util.ReflectionUtils.invokeMethodWithArray(ReflectionUtils.java:164)
	at org.apache.maven.surefire.booter.ProviderFactory$ProviderProxy.invoke(ProviderFactory.java:110)
	at org.apache.maven.surefire.booter.SurefireStarter.invokeProvider(SurefireStarter.java:175)
	at org.apache.maven.surefire.booter.SurefireStarter.runSuitesInProcessWhenForked(SurefireStarter.java:107)
	at org.apache.maven.surefire.booter.ForkedBooter.main(ForkedBooter.java:68)
]]>
            </full-stacktrace>
          </exception> <!-- com.mycompany.carshop.app.exceptions.CreditCardRejectionException -->
          <reporter-output>
          </reporter-output>
        </test-method> <!-- testForWrongCreditCardExpiryDate -->
        <test-method status="PASS" signature="setUpMethod()[pri:0, instance:com.mycompany.carshop.test.services.CreditCardServiceTest@bd1b6a]" name="setUpMethod" is-config="true" duration-ms="0" started-at="2014-10-23T09:20:56Z" finished-at="2014-10-23T09:20:56Z">
          <reporter-output>
          </reporter-output>
        </test-method> <!-- setUpMethod -->
        <test-method status="PASS" signature="tearDownClass()[pri:0, instance:com.mycompany.carshop.test.services.CreditCardServiceTest@bd1b6a]" name="tearDownClass" is-config="true" duration-ms="0" started-at="2014-10-23T09:20:56Z" finished-at="2014-10-23T09:20:56Z">
          <reporter-output>
          </reporter-output>
        </test-method> <!-- tearDownClass -->
        <test-method status="PASS" signature="tearDownMethod()[pri:0, instance:com.mycompany.carshop.test.services.CreditCardServiceTest@bd1b6a]" name="tearDownMethod" is-config="true" duration-ms="0" started-at="2014-10-23T09:20:56Z" finished-at="2014-10-23T09:20:56Z">
          <reporter-output>
          </reporter-output>
        </test-method> <!-- tearDownMethod -->
      </class> <!-- com.mycompany.carshop.test.services.CreditCardServiceTest -->
      <class name="com.mycompany.carshop.test.repository.AutoSupplierRepositoryTest">
        <test-method status="PASS" signature="setUpClass()[pri:0, instance:com.mycompany.carshop.test.repository.AutoSupplierRepositoryTest@23a2f9]" name="setUpClass" is-config="true" duration-ms="3834" started-at="2014-10-23T09:20:49Z" finished-at="2014-10-23T09:20:53Z">
          <reporter-output>
          </reporter-output>
        </test-method> <!-- setUpClass -->
        <test-method status="PASS" signature="setUpMethod()[pri:0, instance:com.mycompany.carshop.test.repository.AutoSupplierRepositoryTest@23a2f9]" name="setUpMethod" is-config="true" duration-ms="0" started-at="2014-10-23T09:20:53Z" finished-at="2014-10-23T09:20:53Z">
          <reporter-output>
          </reporter-output>
        </test-method> <!-- setUpMethod -->
        <test-method status="PASS" signature="createAutoSupplier()[pri:0, instance:com.mycompany.carshop.test.repository.AutoSupplierRepositoryTest@23a2f9]" name="createAutoSupplier" duration-ms="107" started-at="2014-10-23T09:20:53Z" finished-at="2014-10-23T09:20:53Z">
          <reporter-output>
          </reporter-output>
        </test-method> <!-- createAutoSupplier -->
        <test-method status="PASS" signature="tearDownMethod()[pri:0, instance:com.mycompany.carshop.test.repository.AutoSupplierRepositoryTest@23a2f9]" name="tearDownMethod" is-config="true" duration-ms="0" started-at="2014-10-23T09:20:53Z" finished-at="2014-10-23T09:20:53Z">
          <reporter-output>
          </reporter-output>
        </test-method> <!-- tearDownMethod -->
        <test-method status="PASS" signature="setUpMethod()[pri:0, instance:com.mycompany.carshop.test.repository.AutoSupplierRepositoryTest@23a2f9]" name="setUpMethod" is-config="true" duration-ms="0" started-at="2014-10-23T09:20:59Z" finished-at="2014-10-23T09:20:59Z">
          <reporter-output>
          </reporter-output>
        </test-method> <!-- setUpMethod -->
        <test-method status="PASS" signature="readAutoSupplier()[pri:0, instance:com.mycompany.carshop.test.repository.AutoSupplierRepositoryTest@23a2f9]" name="readAutoSupplier" duration-ms="3" started-at="2014-10-23T09:20:59Z" depends-on-methods="com.mycompany.carshop.test.repository.AutoSupplierRepositoryTest.createAutoSupplier" finished-at="2014-10-23T09:20:59Z">
          <reporter-output>
          </reporter-output>
        </test-method> <!-- readAutoSupplier -->
        <test-method status="PASS" signature="tearDownMethod()[pri:0, instance:com.mycompany.carshop.test.repository.AutoSupplierRepositoryTest@23a2f9]" name="tearDownMethod" is-config="true" duration-ms="0" started-at="2014-10-23T09:20:59Z" finished-at="2014-10-23T09:20:59Z">
          <reporter-output>
          </reporter-output>
        </test-method> <!-- tearDownMethod -->
        <test-method status="PASS" signature="tearDownClass()[pri:0, instance:com.mycompany.carshop.test.repository.AutoSupplierRepositoryTest@23a2f9]" name="tearDownClass" is-config="true" duration-ms="0" started-at="2014-10-23T09:20:59Z" finished-at="2014-10-23T09:20:59Z">
          <reporter-output>
          </reporter-output>
        </test-method> <!-- tearDownClass -->
      </class> <!-- com.mycompany.carshop.test.repository.AutoSupplierRepositoryTest -->
      <class name="com.mycompany.carshop.test.repository.CreditCardRepositoryTest">
        <test-method status="PASS" signature="setUpClass()[pri:0, instance:com.mycompany.carshop.test.repository.CreditCardRepositoryTest@1933fd1]" name="setUpClass" is-config="true" duration-ms="613" started-at="2014-10-23T09:20:54Z" finished-at="2014-10-23T09:20:55Z">
          <reporter-output>
          </reporter-output>
        </test-method> <!-- setUpClass -->
        <test-method status="PASS" signature="setUpMethod()[pri:0, instance:com.mycompany.carshop.test.repository.CreditCardRepositoryTest@1933fd1]" name="setUpMethod" is-config="true" duration-ms="1" started-at="2014-10-23T09:20:55Z" finished-at="2014-10-23T09:20:55Z">
          <reporter-output>
          </reporter-output>
        </test-method> <!-- setUpMethod -->
        <test-method status="PASS" signature="createCreditCard()[pri:0, instance:com.mycompany.carshop.test.repository.CreditCardRepositoryTest@1933fd1]" name="createCreditCard" duration-ms="12" started-at="2014-10-23T09:20:55Z" finished-at="2014-10-23T09:20:55Z">
          <reporter-output>
          </reporter-output>
        </test-method> <!-- createCreditCard -->
        <test-method status="PASS" signature="tearDownMethod()[pri:0, instance:com.mycompany.carshop.test.repository.CreditCardRepositoryTest@1933fd1]" name="tearDownMethod" is-config="true" duration-ms="0" started-at="2014-10-23T09:20:55Z" finished-at="2014-10-23T09:20:55Z">
          <reporter-output>
          </reporter-output>
        </test-method> <!-- tearDownMethod -->
        <test-method status="PASS" signature="setUpMethod()[pri:0, instance:com.mycompany.carshop.test.repository.CreditCardRepositoryTest@1933fd1]" name="setUpMethod" is-config="true" duration-ms="1" started-at="2014-10-23T09:20:59Z" finished-at="2014-10-23T09:20:59Z">
          <reporter-output>
          </reporter-output>
        </test-method> <!-- setUpMethod -->
        <test-method status="PASS" signature="readCreditCard()[pri:0, instance:com.mycompany.carshop.test.repository.CreditCardRepositoryTest@1933fd1]" name="readCreditCard" duration-ms="2" started-at="2014-10-23T09:20:59Z" depends-on-methods="com.mycompany.carshop.test.repository.CreditCardRepositoryTest.createCreditCard" finished-at="2014-10-23T09:20:59Z">
          <reporter-output>
          </reporter-output>
        </test-method> <!-- readCreditCard -->
        <test-method status="PASS" signature="tearDownMethod()[pri:0, instance:com.mycompany.carshop.test.repository.CreditCardRepositoryTest@1933fd1]" name="tearDownMethod" is-config="true" duration-ms="0" started-at="2014-10-23T09:20:59Z" finished-at="2014-10-23T09:20:59Z">
          <reporter-output>
          </reporter-output>
        </test-method> <!-- tearDownMethod -->
        <test-method status="PASS" signature="setUpMethod()[pri:0, instance:com.mycompany.carshop.test.repository.CreditCardRepositoryTest@1933fd1]" name="setUpMethod" is-config="true" duration-ms="0" started-at="2014-10-23T09:20:59Z" finished-at="2014-10-23T09:20:59Z">
          <reporter-output>
          </reporter-output>
        </test-method> <!-- setUpMethod -->
        <test-method status="PASS" signature="updateCreditCard()[pri:0, instance:com.mycompany.carshop.test.repository.CreditCardRepositoryTest@1933fd1]" name="updateCreditCard" duration-ms="11" started-at="2014-10-23T09:20:59Z" depends-on-methods="com.mycompany.carshop.test.repository.CreditCardRepositoryTest.readCreditCard" finished-at="2014-10-23T09:20:59Z">
          <reporter-output>
          </reporter-output>
        </test-method> <!-- updateCreditCard -->
        <test-method status="PASS" signature="tearDownClass()[pri:0, instance:com.mycompany.carshop.test.repository.CreditCardRepositoryTest@1933fd1]" name="tearDownClass" is-config="true" duration-ms="0" started-at="2014-10-23T09:20:59Z" finished-at="2014-10-23T09:20:59Z">
          <reporter-output>
          </reporter-output>
        </test-method> <!-- tearDownClass -->
        <test-method status="PASS" signature="tearDownMethod()[pri:0, instance:com.mycompany.carshop.test.repository.CreditCardRepositoryTest@1933fd1]" name="tearDownMethod" is-config="true" duration-ms="0" started-at="2014-10-23T09:20:59Z" finished-at="2014-10-23T09:20:59Z">
          <reporter-output>
          </reporter-output>
        </test-method> <!-- tearDownMethod -->
      </class> <!-- com.mycompany.carshop.test.repository.CreditCardRepositoryTest -->
      <class name="com.mycompany.carshop.test.repository.AutomobileRepositoryTest">
        <test-method status="PASS" signature="setUpClass()[pri:0, instance:com.mycompany.carshop.test.repository.AutomobileRepositoryTest@1aeed2f]" name="setUpClass" is-config="true" duration-ms="584" started-at="2014-10-23T09:20:53Z" finished-at="2014-10-23T09:20:53Z">
          <reporter-output>
          </reporter-output>
        </test-method> <!-- setUpClass -->
        <test-method status="PASS" signature="createAutomobile()[pri:0, instance:com.mycompany.carshop.test.repository.AutomobileRepositoryTest@1aeed2f]" name="createAutomobile" duration-ms="15" started-at="2014-10-23T09:20:53Z" finished-at="2014-10-23T09:20:53Z">
          <reporter-output>
          </reporter-output>
        </test-method> <!-- createAutomobile -->
        <test-method status="PASS" signature="setUpMethod()[pri:0, instance:com.mycompany.carshop.test.repository.AutomobileRepositoryTest@1aeed2f]" name="setUpMethod" is-config="true" duration-ms="0" started-at="2014-10-23T09:20:53Z" finished-at="2014-10-23T09:20:53Z">
          <reporter-output>
          </reporter-output>
        </test-method> <!-- setUpMethod -->
        <test-method status="PASS" signature="tearDownMethod()[pri:0, instance:com.mycompany.carshop.test.repository.AutomobileRepositoryTest@1aeed2f]" name="tearDownMethod" is-config="true" duration-ms="0" started-at="2014-10-23T09:20:53Z" finished-at="2014-10-23T09:20:53Z">
          <reporter-output>
          </reporter-output>
        </test-method> <!-- tearDownMethod -->
        <test-method status="PASS" signature="setUpMethod()[pri:0, instance:com.mycompany.carshop.test.repository.AutomobileRepositoryTest@1aeed2f]" name="setUpMethod" is-config="true" duration-ms="1" started-at="2014-10-23T09:20:59Z" finished-at="2014-10-23T09:20:59Z">
          <reporter-output>
          </reporter-output>
        </test-method> <!-- setUpMethod -->
        <test-method status="PASS" signature="readAutomobile()[pri:0, instance:com.mycompany.carshop.test.repository.AutomobileRepositoryTest@1aeed2f]" name="readAutomobile" duration-ms="2" started-at="2014-10-23T09:20:59Z" depends-on-methods="com.mycompany.carshop.test.repository.AutomobileRepositoryTest.createAutomobile" finished-at="2014-10-23T09:20:59Z">
          <reporter-output>
          </reporter-output>
        </test-method> <!-- readAutomobile -->
        <test-method status="PASS" signature="tearDownMethod()[pri:0, instance:com.mycompany.carshop.test.repository.AutomobileRepositoryTest@1aeed2f]" name="tearDownMethod" is-config="true" duration-ms="0" started-at="2014-10-23T09:20:59Z" finished-at="2014-10-23T09:20:59Z">
          <reporter-output>
          </reporter-output>
        </test-method> <!-- tearDownMethod -->
        <test-method status="PASS" signature="setUpMethod()[pri:0, instance:com.mycompany.carshop.test.repository.AutomobileRepositoryTest@1aeed2f]" name="setUpMethod" is-config="true" duration-ms="1" started-at="2014-10-23T09:20:59Z" finished-at="2014-10-23T09:20:59Z">
          <reporter-output>
          </reporter-output>
        </test-method> <!-- setUpMethod -->
        <test-method status="PASS" signature="updateAutomobile()[pri:0, instance:com.mycompany.carshop.test.repository.AutomobileRepositoryTest@1aeed2f]" name="updateAutomobile" duration-ms="21" started-at="2014-10-23T09:20:59Z" depends-on-methods="com.mycompany.carshop.test.repository.AutomobileRepositoryTest.readAutomobile" finished-at="2014-10-23T09:20:59Z">
          <reporter-output>
          </reporter-output>
        </test-method> <!-- updateAutomobile -->
        <test-method status="PASS" signature="tearDownMethod()[pri:0, instance:com.mycompany.carshop.test.repository.AutomobileRepositoryTest@1aeed2f]" name="tearDownMethod" is-config="true" duration-ms="0" started-at="2014-10-23T09:20:59Z" finished-at="2014-10-23T09:20:59Z">
          <reporter-output>
          </reporter-output>
        </test-method> <!-- tearDownMethod -->
        <test-method status="PASS" signature="tearDownClass()[pri:0, instance:com.mycompany.carshop.test.repository.AutomobileRepositoryTest@1aeed2f]" name="tearDownClass" is-config="true" duration-ms="0" started-at="2014-10-23T09:20:59Z" finished-at="2014-10-23T09:20:59Z">
          <reporter-output>
          </reporter-output>
        </test-method> <!-- tearDownClass -->
      </class> <!-- com.mycompany.carshop.test.repository.AutomobileRepositoryTest -->
      <class name="com.mycompany.carshop.test.repository.OrderRepositoryTest">
        <test-method status="PASS" signature="setUpClass()[pri:0, instance:com.mycompany.carshop.test.repository.OrderRepositoryTest@167c1fc]" name="setUpClass" is-config="true" duration-ms="479" started-at="2014-10-23T09:20:58Z" finished-at="2014-10-23T09:20:58Z">
          <reporter-output>
          </reporter-output>
        </test-method> <!-- setUpClass -->
        <test-method status="PASS" signature="setUpMethod()[pri:0, instance:com.mycompany.carshop.test.repository.OrderRepositoryTest@167c1fc]" name="setUpMethod" is-config="true" duration-ms="0" started-at="2014-10-23T09:20:58Z" finished-at="2014-10-23T09:20:58Z">
          <reporter-output>
          </reporter-output>
        </test-method> <!-- setUpMethod -->
        <test-method status="PASS" signature="createOrder()[pri:0, instance:com.mycompany.carshop.test.repository.OrderRepositoryTest@167c1fc]" name="createOrder" duration-ms="55" started-at="2014-10-23T09:20:58Z" finished-at="2014-10-23T09:20:58Z">
          <reporter-output>
          </reporter-output>
        </test-method> <!-- createOrder -->
        <test-method status="PASS" signature="tearDownMethod()[pri:0, instance:com.mycompany.carshop.test.repository.OrderRepositoryTest@167c1fc]" name="tearDownMethod" is-config="true" duration-ms="1" started-at="2014-10-23T09:20:58Z" finished-at="2014-10-23T09:20:58Z">
          <reporter-output>
          </reporter-output>
        </test-method> <!-- tearDownMethod -->
        <test-method status="PASS" signature="setUpMethod()[pri:0, instance:com.mycompany.carshop.test.repository.OrderRepositoryTest@167c1fc]" name="setUpMethod" is-config="true" duration-ms="0" started-at="2014-10-23T09:20:59Z" finished-at="2014-10-23T09:20:59Z">
          <reporter-output>
          </reporter-output>
        </test-method> <!-- setUpMethod -->
        <test-method status="PASS" signature="readOrder()[pri:0, instance:com.mycompany.carshop.test.repository.OrderRepositoryTest@167c1fc]" name="readOrder" duration-ms="4" started-at="2014-10-23T09:20:59Z" depends-on-methods="com.mycompany.carshop.test.repository.OrderRepositoryTest.createOrder" finished-at="2014-10-23T09:20:59Z">
          <reporter-output>
          </reporter-output>
        </test-method> <!-- readOrder -->
        <test-method status="PASS" signature="tearDownMethod()[pri:0, instance:com.mycompany.carshop.test.repository.OrderRepositoryTest@167c1fc]" name="tearDownMethod" is-config="true" duration-ms="0" started-at="2014-10-23T09:20:59Z" finished-at="2014-10-23T09:20:59Z">
          <reporter-output>
          </reporter-output>
        </test-method> <!-- tearDownMethod -->
        <test-method status="PASS" signature="tearDownClass()[pri:0, instance:com.mycompany.carshop.test.repository.OrderRepositoryTest@167c1fc]" name="tearDownClass" is-config="true" duration-ms="0" started-at="2014-10-23T09:20:59Z" finished-at="2014-10-23T09:20:59Z">
          <reporter-output>
          </reporter-output>
        </test-method> <!-- tearDownClass -->
      </class> <!-- com.mycompany.carshop.test.repository.OrderRepositoryTest -->
      <class name="com.mycompany.carshop.test.services.ProcessInvoicesServiceTest">
        <test-method status="PASS" signature="setUpClass()[pri:0, instance:com.mycompany.carshop.test.services.ProcessInvoicesServiceTest@17e2f02]" name="setUpClass" is-config="true" duration-ms="563" started-at="2014-10-23T09:20:58Z" finished-at="2014-10-23T09:20:59Z">
          <reporter-output>
          </reporter-output>
        </test-method> <!-- setUpClass -->
        <test-method status="PASS" signature="setUpMethod()[pri:0, instance:com.mycompany.carshop.test.services.ProcessInvoicesServiceTest@17e2f02]" name="setUpMethod" is-config="true" duration-ms="0" started-at="2014-10-23T09:20:59Z" finished-at="2014-10-23T09:20:59Z">
          <reporter-output>
          </reporter-output>
        </test-method> <!-- setUpMethod -->
        <test-method status="PASS" signature="testProcessInvoicesService()[pri:0, instance:com.mycompany.carshop.test.services.ProcessInvoicesServiceTest@17e2f02]" name="testProcessInvoicesService" duration-ms="71" started-at="2014-10-23T09:20:59Z" finished-at="2014-10-23T09:20:59Z">
          <reporter-output>
          </reporter-output>
        </test-method> <!-- testProcessInvoicesService -->
        <test-method status="PASS" signature="tearDownClass()[pri:0, instance:com.mycompany.carshop.test.services.ProcessInvoicesServiceTest@17e2f02]" name="tearDownClass" is-config="true" duration-ms="0" started-at="2014-10-23T09:20:59Z" finished-at="2014-10-23T09:20:59Z">
          <reporter-output>
          </reporter-output>
        </test-method> <!-- tearDownClass -->
        <test-method status="PASS" signature="tearDownMethod()[pri:0, instance:com.mycompany.carshop.test.services.ProcessInvoicesServiceTest@17e2f02]" name="tearDownMethod" is-config="true" duration-ms="0" started-at="2014-10-23T09:20:59Z" finished-at="2014-10-23T09:20:59Z">
          <reporter-output>
          </reporter-output>
        </test-method> <!-- tearDownMethod -->
      </class> <!-- com.mycompany.carshop.test.services.ProcessInvoicesServiceTest -->
      <class name="com.mycompany.carshop.test.services.CustomerInfoServiceTest">
        <test-method status="PASS" signature="setUpClass()[pri:0, instance:com.mycompany.carshop.test.services.CustomerInfoServiceTest@1604f19]" name="setUpClass" is-config="true" duration-ms="522" started-at="2014-10-23T09:20:56Z" finished-at="2014-10-23T09:20:56Z">
          <reporter-output>
          </reporter-output>
        </test-method> <!-- setUpClass -->
        <test-method status="PASS" signature="setUpMethod()[pri:0, instance:com.mycompany.carshop.test.services.CustomerInfoServiceTest@1604f19]" name="setUpMethod" is-config="true" duration-ms="0" started-at="2014-10-23T09:20:56Z" finished-at="2014-10-23T09:20:56Z">
          <reporter-output>
          </reporter-output>
        </test-method> <!-- setUpMethod -->
        <test-method status="PASS" signature="getCustomerAddress()[pri:0, instance:com.mycompany.carshop.test.services.CustomerInfoServiceTest@1604f19]" name="getCustomerAddress" duration-ms="44" started-at="2014-10-23T09:20:56Z" finished-at="2014-10-23T09:20:56Z">
          <reporter-output>
          </reporter-output>
        </test-method> <!-- getCustomerAddress -->
        <test-method status="PASS" signature="tearDownClass()[pri:0, instance:com.mycompany.carshop.test.services.CustomerInfoServiceTest@1604f19]" name="tearDownClass" is-config="true" duration-ms="0" started-at="2014-10-23T09:20:56Z" finished-at="2014-10-23T09:20:56Z">
          <reporter-output>
          </reporter-output>
        </test-method> <!-- tearDownClass -->
        <test-method status="PASS" signature="tearDownMethod()[pri:0, instance:com.mycompany.carshop.test.services.CustomerInfoServiceTest@1604f19]" name="tearDownMethod" is-config="true" duration-ms="0" started-at="2014-10-23T09:20:56Z" finished-at="2014-10-23T09:20:56Z">
          <reporter-output>
          </reporter-output>
        </test-method> <!-- tearDownMethod -->
      </class> <!-- com.mycompany.carshop.test.services.CustomerInfoServiceTest -->
      <class name="com.mycompany.carshop.test.repository.AutomobileTypeRepositoryTest">
        <test-method status="PASS" signature="setUpClass()[pri:0, instance:com.mycompany.carshop.test.repository.AutomobileTypeRepositoryTest@c0edeb]" name="setUpClass" is-config="true" duration-ms="551" started-at="2014-10-23T09:20:53Z" finished-at="2014-10-23T09:20:54Z">
          <reporter-output>
          </reporter-output>
        </test-method> <!-- setUpClass -->
        <test-method status="PASS" signature="createAutomobileType()[pri:0, instance:com.mycompany.carshop.test.repository.AutomobileTypeRepositoryTest@c0edeb]" name="createAutomobileType" duration-ms="38" started-at="2014-10-23T09:20:54Z" finished-at="2014-10-23T09:20:54Z">
          <reporter-output>
          </reporter-output>
        </test-method> <!-- createAutomobileType -->
        <test-method status="PASS" signature="setUpMethod()[pri:0, instance:com.mycompany.carshop.test.repository.AutomobileTypeRepositoryTest@c0edeb]" name="setUpMethod" is-config="true" duration-ms="0" started-at="2014-10-23T09:20:54Z" finished-at="2014-10-23T09:20:54Z">
          <reporter-output>
          </reporter-output>
        </test-method> <!-- setUpMethod -->
        <test-method status="PASS" signature="tearDownMethod()[pri:0, instance:com.mycompany.carshop.test.repository.AutomobileTypeRepositoryTest@c0edeb]" name="tearDownMethod" is-config="true" duration-ms="0" started-at="2014-10-23T09:20:54Z" finished-at="2014-10-23T09:20:54Z">
          <reporter-output>
          </reporter-output>
        </test-method> <!-- tearDownMethod -->
        <test-method status="PASS" signature="setUpMethod()[pri:0, instance:com.mycompany.carshop.test.repository.AutomobileTypeRepositoryTest@c0edeb]" name="setUpMethod" is-config="true" duration-ms="0" started-at="2014-10-23T09:20:59Z" finished-at="2014-10-23T09:20:59Z">
          <reporter-output>
          </reporter-output>
        </test-method> <!-- setUpMethod -->
        <test-method status="PASS" signature="readAutomobileType()[pri:0, instance:com.mycompany.carshop.test.repository.AutomobileTypeRepositoryTest@c0edeb]" name="readAutomobileType" duration-ms="3" started-at="2014-10-23T09:20:59Z" depends-on-methods="com.mycompany.carshop.test.repository.AutomobileTypeRepositoryTest.createAutomobileType" finished-at="2014-10-23T09:20:59Z">
          <reporter-output>
          </reporter-output>
        </test-method> <!-- readAutomobileType -->
        <test-method status="PASS" signature="tearDownClass()[pri:0, instance:com.mycompany.carshop.test.repository.AutomobileTypeRepositoryTest@c0edeb]" name="tearDownClass" is-config="true" duration-ms="0" started-at="2014-10-23T09:20:59Z" finished-at="2014-10-23T09:20:59Z">
          <reporter-output>
          </reporter-output>
        </test-method> <!-- tearDownClass -->
        <test-method status="PASS" signature="tearDownMethod()[pri:0, instance:com.mycompany.carshop.test.repository.AutomobileTypeRepositoryTest@c0edeb]" name="tearDownMethod" is-config="true" duration-ms="0" started-at="2014-10-23T09:20:59Z" finished-at="2014-10-23T09:20:59Z">
          <reporter-output>
          </reporter-output>
        </test-method> <!-- tearDownMethod -->
      </class> <!-- com.mycompany.carshop.test.repository.AutomobileTypeRepositoryTest -->
      <class name="com.mycompany.carshop.test.repository.CustomerRepositoryTest">
        <test-method status="PASS" signature="setUpClass()[pri:0, instance:com.mycompany.carshop.test.repository.CustomerRepositoryTest@4af044]" name="setUpClass" is-config="true" duration-ms="462" started-at="2014-10-23T09:20:57Z" finished-at="2014-10-23T09:20:57Z">
          <reporter-output>
          </reporter-output>
        </test-method> <!-- setUpClass -->
        <test-method status="PASS" signature="setUpMethod()[pri:0, instance:com.mycompany.carshop.test.repository.CustomerRepositoryTest@4af044]" name="setUpMethod" is-config="true" duration-ms="0" started-at="2014-10-23T09:20:57Z" finished-at="2014-10-23T09:20:57Z">
          <reporter-output>
          </reporter-output>
        </test-method> <!-- setUpMethod -->
        <test-method status="PASS" signature="createCustomer()[pri:0, instance:com.mycompany.carshop.test.repository.CustomerRepositoryTest@4af044]" name="createCustomer" duration-ms="27" started-at="2014-10-23T09:20:57Z" finished-at="2014-10-23T09:20:57Z">
          <reporter-output>
          </reporter-output>
        </test-method> <!-- createCustomer -->
        <test-method status="PASS" signature="tearDownMethod()[pri:0, instance:com.mycompany.carshop.test.repository.CustomerRepositoryTest@4af044]" name="tearDownMethod" is-config="true" duration-ms="0" started-at="2014-10-23T09:20:57Z" finished-at="2014-10-23T09:20:57Z">
          <reporter-output>
          </reporter-output>
        </test-method> <!-- tearDownMethod -->
        <test-method status="PASS" signature="setUpMethod()[pri:0, instance:com.mycompany.carshop.test.repository.CustomerRepositoryTest@4af044]" name="setUpMethod" is-config="true" duration-ms="0" started-at="2014-10-23T09:20:59Z" finished-at="2014-10-23T09:20:59Z">
          <reporter-output>
          </reporter-output>
        </test-method> <!-- setUpMethod -->
        <test-method status="PASS" signature="readCustomer()[pri:0, instance:com.mycompany.carshop.test.repository.CustomerRepositoryTest@4af044]" name="readCustomer" duration-ms="4" started-at="2014-10-23T09:20:59Z" depends-on-methods="com.mycompany.carshop.test.repository.CustomerRepositoryTest.createCustomer" finished-at="2014-10-23T09:20:59Z">
          <reporter-output>
          </reporter-output>
        </test-method> <!-- readCustomer -->
        <test-method status="PASS" signature="tearDownMethod()[pri:0, instance:com.mycompany.carshop.test.repository.CustomerRepositoryTest@4af044]" name="tearDownMethod" is-config="true" duration-ms="0" started-at="2014-10-23T09:20:59Z" finished-at="2014-10-23T09:20:59Z">
          <reporter-output>
          </reporter-output>
        </test-method> <!-- tearDownMethod -->
        <test-method status="PASS" signature="setUpMethod()[pri:0, instance:com.mycompany.carshop.test.repository.CustomerRepositoryTest@4af044]" name="setUpMethod" is-config="true" duration-ms="0" started-at="2014-10-23T09:20:59Z" finished-at="2014-10-23T09:20:59Z">
          <reporter-output>
          </reporter-output>
        </test-method> <!-- setUpMethod -->
        <test-method status="PASS" signature="updateCustomer()[pri:0, instance:com.mycompany.carshop.test.repository.CustomerRepositoryTest@4af044]" name="updateCustomer" duration-ms="18" started-at="2014-10-23T09:20:59Z" depends-on-methods="com.mycompany.carshop.test.repository.CustomerRepositoryTest.readCustomer" finished-at="2014-10-23T09:20:59Z">
          <reporter-output>
          </reporter-output>
        </test-method> <!-- updateCustomer -->
        <test-method status="PASS" signature="tearDownClass()[pri:0, instance:com.mycompany.carshop.test.repository.CustomerRepositoryTest@4af044]" name="tearDownClass" is-config="true" duration-ms="0" started-at="2014-10-23T09:20:59Z" finished-at="2014-10-23T09:20:59Z">
          <reporter-output>
          </reporter-output>
        </test-method> <!-- tearDownClass -->
        <test-method status="PASS" signature="tearDownMethod()[pri:0, instance:com.mycompany.carshop.test.repository.CustomerRepositoryTest@4af044]" name="tearDownMethod" is-config="true" duration-ms="0" started-at="2014-10-23T09:20:59Z" finished-at="2014-10-23T09:20:59Z">
          <reporter-output>
          </reporter-output>
        </test-method> <!-- tearDownMethod -->
      </class> <!-- com.mycompany.carshop.test.repository.CustomerRepositoryTest -->
      <class name="com.mycompany.carshop.test.services.SuppliersDetailsServiceTest">
        <test-method status="PASS" signature="setUpClass()[pri:0, instance:com.mycompany.carshop.test.services.SuppliersDetailsServiceTest@7fa833]" name="setUpClass" is-config="true" duration-ms="432" started-at="2014-10-23T09:20:59Z" finished-at="2014-10-23T09:20:59Z">
          <reporter-output>
          </reporter-output>
        </test-method> <!-- setUpClass -->
        <test-method status="PASS" signature="getCustomerAddress()[pri:0, instance:com.mycompany.carshop.test.services.SuppliersDetailsServiceTest@7fa833]" name="getCustomerAddress" duration-ms="10" started-at="2014-10-23T09:20:59Z" finished-at="2014-10-23T09:20:59Z">
          <reporter-output>
          </reporter-output>
        </test-method> <!-- getCustomerAddress -->
        <test-method status="PASS" signature="setUpMethod()[pri:0, instance:com.mycompany.carshop.test.services.SuppliersDetailsServiceTest@7fa833]" name="setUpMethod" is-config="true" duration-ms="0" started-at="2014-10-23T09:20:59Z" finished-at="2014-10-23T09:20:59Z">
          <reporter-output>
          </reporter-output>
        </test-method> <!-- setUpMethod -->
        <test-method status="PASS" signature="tearDownClass()[pri:0, instance:com.mycompany.carshop.test.services.SuppliersDetailsServiceTest@7fa833]" name="tearDownClass" is-config="true" duration-ms="0" started-at="2014-10-23T09:20:59Z" finished-at="2014-10-23T09:20:59Z">
          <reporter-output>
          </reporter-output>
        </test-method> <!-- tearDownClass -->
        <test-method status="PASS" signature="tearDownMethod()[pri:0, instance:com.mycompany.carshop.test.services.SuppliersDetailsServiceTest@7fa833]" name="tearDownMethod" is-config="true" duration-ms="0" started-at="2014-10-23T09:20:59Z" finished-at="2014-10-23T09:20:59Z">
          <reporter-output>
          </reporter-output>
        </test-method> <!-- tearDownMethod -->
      </class> <!-- com.mycompany.carshop.test.services.SuppliersDetailsServiceTest -->
      <class name="com.mycompany.carshop.test.repository.MarketInformationRepositoryTest">
        <test-method status="PASS" signature="setUpClass()[pri:0, instance:com.mycompany.carshop.test.repository.MarketInformationRepositoryTest@78c730]" name="setUpClass" is-config="true" duration-ms="451" started-at="2014-10-23T09:20:57Z" finished-at="2014-10-23T09:20:58Z">
          <reporter-output>
          </reporter-output>
        </test-method> <!-- setUpClass -->
        <test-method status="PASS" signature="createMarketingInfo()[pri:0, instance:com.mycompany.carshop.test.repository.MarketInformationRepositoryTest@78c730]" name="createMarketingInfo" duration-ms="41" started-at="2014-10-23T09:20:58Z" finished-at="2014-10-23T09:20:58Z">
          <reporter-output>
          </reporter-output>
        </test-method> <!-- createMarketingInfo -->
        <test-method status="PASS" signature="setUpMethod()[pri:0, instance:com.mycompany.carshop.test.repository.MarketInformationRepositoryTest@78c730]" name="setUpMethod" is-config="true" duration-ms="0" started-at="2014-10-23T09:20:58Z" finished-at="2014-10-23T09:20:58Z">
          <reporter-output>
          </reporter-output>
        </test-method> <!-- setUpMethod -->
        <test-method status="PASS" signature="tearDownMethod()[pri:0, instance:com.mycompany.carshop.test.repository.MarketInformationRepositoryTest@78c730]" name="tearDownMethod" is-config="true" duration-ms="0" started-at="2014-10-23T09:20:58Z" finished-at="2014-10-23T09:20:58Z">
          <reporter-output>
          </reporter-output>
        </test-method> <!-- tearDownMethod -->
        <test-method status="PASS" signature="setUpMethod()[pri:0, instance:com.mycompany.carshop.test.repository.MarketInformationRepositoryTest@78c730]" name="setUpMethod" is-config="true" duration-ms="0" started-at="2014-10-23T09:20:59Z" finished-at="2014-10-23T09:20:59Z">
          <reporter-output>
          </reporter-output>
        </test-method> <!-- setUpMethod -->
        <test-method status="PASS" signature="readMarketingInfo()[pri:0, instance:com.mycompany.carshop.test.repository.MarketInformationRepositoryTest@78c730]" name="readMarketingInfo" duration-ms="5" started-at="2014-10-23T09:20:59Z" depends-on-methods="com.mycompany.carshop.test.repository.MarketInformationRepositoryTest.createMarketingInfo" finished-at="2014-10-23T09:20:59Z">
          <reporter-output>
          </reporter-output>
        </test-method> <!-- readMarketingInfo -->
        <test-method status="PASS" signature="tearDownMethod()[pri:0, instance:com.mycompany.carshop.test.repository.MarketInformationRepositoryTest@78c730]" name="tearDownMethod" is-config="true" duration-ms="0" started-at="2014-10-23T09:20:59Z" finished-at="2014-10-23T09:20:59Z">
          <reporter-output>
          </reporter-output>
        </test-method> <!-- tearDownMethod -->
        <test-method status="PASS" signature="setUpMethod()[pri:0, instance:com.mycompany.carshop.test.repository.MarketInformationRepositoryTest@78c730]" name="setUpMethod" is-config="true" duration-ms="0" started-at="2014-10-23T09:20:59Z" finished-at="2014-10-23T09:20:59Z">
          <reporter-output>
          </reporter-output>
        </test-method> <!-- setUpMethod -->
        <test-method status="PASS" signature="updateMarketingInfo()[pri:0, instance:com.mycompany.carshop.test.repository.MarketInformationRepositoryTest@78c730]" name="updateMarketingInfo" duration-ms="12" started-at="2014-10-23T09:20:59Z" depends-on-methods="com.mycompany.carshop.test.repository.MarketInformationRepositoryTest.readMarketingInfo" finished-at="2014-10-23T09:20:59Z">
          <reporter-output>
          </reporter-output>
        </test-method> <!-- updateMarketingInfo -->
        <test-method status="PASS" signature="tearDownClass()[pri:0, instance:com.mycompany.carshop.test.repository.MarketInformationRepositoryTest@78c730]" name="tearDownClass" is-config="true" duration-ms="0" started-at="2014-10-23T09:20:59Z" finished-at="2014-10-23T09:20:59Z">
          <reporter-output>
          </reporter-output>
        </test-method> <!-- tearDownClass -->
        <test-method status="PASS" signature="tearDownMethod()[pri:0, instance:com.mycompany.carshop.test.repository.MarketInformationRepositoryTest@78c730]" name="tearDownMethod" is-config="true" duration-ms="0" started-at="2014-10-23T09:20:59Z" finished-at="2014-10-23T09:20:59Z">
          <reporter-output>
          </reporter-output>
        </test-method> <!-- tearDownMethod -->
      </class> <!-- com.mycompany.carshop.test.repository.MarketInformationRepositoryTest -->
    </test> <!-- Command line test -->
  </suite> <!-- Command line suite -->
</testng-results>
