<?xml version="1.0" encoding="UTF-8" ?>
<testsuite failures="9" time="25.923" errors="0" skipped="60" tests="69" name="TestSuite">
  <properties>
[...]
</properties>
  <testcase time="9.076" classname="com.mycompany.carshop.test.repository.AutoSupplierRepositoryTest" name="setUpClass">
    <failure message="Error creating bean with name &apos;entityManagerFactory&apos; defined in class com.mycompany.carshop.test.ConnectionConfigTest: Invocation of init method failed; nested exception is javax.persistence.PersistenceException: [PersistenceUnit: default] Unable to build EntityManagerFactory" type="org.springframework.beans.factory.BeanCreationException">org.springframework.beans.factory.BeanCreationException: Error creating bean with name &apos;entityManagerFactory&apos; defined in class com.mycompany.carshop.test.ConnectionConfigTest: Invocation of init method failed; nested exception is javax.persistence.PersistenceException: [PersistenceUnit: default] Unable to build EntityManagerFactory
	at org.springframework.beans.factory.support.AbstractAutowireCapableBeanFactory.initializeBean(AbstractAutowireCapableBeanFactory.java:1513)
	at org.springframework.beans.factory.support.AbstractAutowireCapableBeanFactory.doCreateBean(AbstractAutowireCapableBeanFactory.java:521)
	at org.springframework.beans.factory.support.AbstractAutowireCapableBeanFactory.createBean(AbstractAutowireCapableBeanFactory.java:458)
	at org.springframework.beans.factory.support.AbstractBeanFactory$1.getObject(AbstractBeanFactory.java:293)
	at org.springframework.beans.factory.support.DefaultSingletonBeanRegistry.getSingleton(DefaultSingletonBeanRegistry.java:223)
	at org.springframework.beans.factory.support.AbstractBeanFactory.doGetBean(AbstractBeanFactory.java:290)
	at org.springframework.beans.factory.support.AbstractBeanFactory.getBean(AbstractBeanFactory.java:191)
	at org.springframework.context.support.AbstractApplicationContext.getBean(AbstractApplicationContext.java:1117)
	at org.springframework.context.support.AbstractApplicationContext.finishBeanFactoryInitialization(AbstractApplicationContext.java:922)
	at org.springframework.context.support.AbstractApplicationContext.refresh(AbstractApplicationContext.java:479)
	at org.springframework.context.annotation.AnnotationConfigApplicationContext.&lt;init&gt;(AnnotationConfigApplicationContext.java:73)
	at com.mycompany.carshop.test.repository.AutoSupplierRepositoryTest.setUpClass(AutoSupplierRepositoryTest.java:142)
Caused by: javax.persistence.PersistenceException: [PersistenceUnit: default] Unable to build EntityManagerFactory
	at org.hibernate.ejb.Ejb3Configuration.buildEntityManagerFactory(Ejb3Configuration.java:924)
	at org.hibernate.ejb.Ejb3Configuration.buildEntityManagerFactory(Ejb3Configuration.java:899)
	at org.hibernate.ejb.HibernatePersistence.createContainerEntityManagerFactory(HibernatePersistence.java:76)
	at org.springframework.orm.jpa.LocalContainerEntityManagerFactoryBean.createNativeEntityManagerFactory(LocalContainerEntityManagerFactoryBean.java:290)
	at org.springframework.orm.jpa.AbstractEntityManagerFactoryBean.afterPropertiesSet(AbstractEntityManagerFactoryBean.java:310)
	at org.springframework.beans.factory.support.AbstractAutowireCapableBeanFactory.invokeInitMethods(AbstractAutowireCapableBeanFactory.java:1572)
	at org.springframework.beans.factory.support.AbstractAutowireCapableBeanFactory.initializeBean(AbstractAutowireCapableBeanFactory.java:1510)
	... 45 more
Caused by: org.hibernate.MappingException: Repeated column in mapping for entity: com.mycompany.carshop.domain.Automobile column: unitPrice (should be mapped with insert=&quot;false&quot; update=&quot;false&quot;)
	at org.hibernate.mapping.PersistentClass.checkColumnDuplication(PersistentClass.java:696)
	at org.hibernate.mapping.PersistentClass.checkPropertyColumnDuplication(PersistentClass.java:718)
	at org.hibernate.mapping.PersistentClass.checkColumnDuplication(PersistentClass.java:740)
	at org.hibernate.mapping.PersistentClass.validate(PersistentClass.java:493)
	at org.hibernate.mapping.RootClass.validate(RootClass.java:270)
	at org.hibernate.cfg.Configuration.validate(Configuration.java:1324)
	at org.hibernate.cfg.Configuration.buildSessionFactory(Configuration.java:1782)
	at org.hibernate.ejb.EntityManagerFactoryImpl.&lt;init&gt;(EntityManagerFactoryImpl.java:96)
	at org.hibernate.ejb.Ejb3Configuration.buildEntityManagerFactory(Ejb3Configuration.java:914)
	... 51 more
</failure>
    <system-out>Configuring TestNG with: org.apache.maven.surefire.testng.conf.TestNG652Configurator@ec115b
</system-out>
    <system-err>SLF4J: Failed to load class &quot;org.slf4j.impl.StaticLoggerBinder&quot;.
SLF4J: Defaulting to no-operation (NOP) logger implementation
SLF4J: See http://www.slf4j.org/codes.html#StaticLoggerBinder for further details.
Sep 04, 2014 5:48:14 PM org.hibernate.annotations.common.Version &lt;clinit&gt;
INFO: HCANN000001: Hibernate Commons Annotations {4.0.2.Final}
Sep 04, 2014 5:48:14 PM org.hibernate.Version logVersion
INFO: HHH000412: Hibernate Core {4.2.6.Final}
Sep 04, 2014 5:48:14 PM org.hibernate.cfg.Environment &lt;clinit&gt;
INFO: HHH000206: hibernate.properties not found
Sep 04, 2014 5:48:14 PM org.hibernate.cfg.Environment buildBytecodeProvider
INFO: HHH000021: Bytecode provider name : javassist
Sep 04, 2014 5:48:14 PM org.hibernate.ejb.Ejb3Configuration configure
INFO: HHH000204: Processing PersistenceUnitInfo [
	name: default
	...]
Sep 04, 2014 5:48:14 PM org.hibernate.service.jdbc.connections.internal.ConnectionProviderInitiator instantiateExplicitConnectionProvider
INFO: HHH000130: Instantiating explicit connection provider: org.hibernate.ejb.connection.InjectedDataSourceConnectionProvider
Sep 04, 2014 5:48:14 PM org.hibernate.engine.jdbc.internal.JdbcServicesImpl configure
WARN: HHH000342: Could not obtain connection to query metadata : Cannot load JDBC driver class &apos;org.apache.derby.jdbc.ClientDriver&apos;
Sep 04, 2014 5:48:14 PM org.hibernate.dialect.Dialect &lt;init&gt;
INFO: HHH000400: Using dialect: org.hibernate.dialect.DerbyDialect
Sep 04, 2014 5:48:14 PM org.hibernate.dialect.DerbyDialect &lt;init&gt;
WARN: HHH000430: The DerbyDialect dialect has been deprecated; use one of the version-specific dialects instead
Sep 04, 2014 5:48:14 PM org.hibernate.dialect.DerbyDialect determineDriverVersion
WARN: HHH000328: Unable to load/access derby driver class sysinfo to check versions : org.apache.derby.tools.sysinfo
Sep 04, 2014 5:48:14 PM org.hibernate.engine.jdbc.internal.LobCreatorBuilder useContextualLobCreation
INFO: HHH000422: Disabling contextual LOB creation as connection was null
</system-err>
  </testcase>
  <testcase time="9.088" classname="com.mycompany.carshop.test.repository.AutoSupplierRepositoryTest" name="setUpMethod">
    <skipped/>
  </testcase>
  <testcase time="0" classname="com.mycompany.carshop.test.repository.AutoSupplierRepositoryTest" name="createAutoSupplier">
    <skipped/>
  </testcase>
  <testcase time="0" classname="com.mycompany.carshop.test.repository.AutoSupplierRepositoryTest" name="tearDownMethod">
    <skipped/>
  </testcase>
  <testcase time="0.456" classname="com.mycompany.carshop.test.repository.AutomobileRepositoryTest" name="setUpClass">
    <failure message="Error creating bean with name &apos;entityManagerFactory&apos; defined in class com.mycompany.carshop.test.ConnectionConfigTest: Invocation of init method failed; nested exception is javax.persistence.PersistenceException: [PersistenceUnit: default] Unable to build EntityManagerFactory" type="org.springframework.beans.factory.BeanCreationException">org.springframework.beans.factory.BeanCreationException: Error creating bean with name &apos;entityManagerFactory&apos; defined in class com.mycompany.carshop.test.ConnectionConfigTest: Invocation of init method failed; nested exception is javax.persistence.PersistenceException: [PersistenceUnit: default] Unable to build EntityManagerFactory
	at org.springframework.beans.factory.support.AbstractAutowireCapableBeanFactory.initializeBean(AbstractAutowireCapableBeanFactory.java:1513)
	at org.springframework.beans.factory.support.AbstractAutowireCapableBeanFactory.doCreateBean(AbstractAutowireCapableBeanFactory.java:521)
	at org.springframework.beans.factory.support.AbstractAutowireCapableBeanFactory.createBean(AbstractAutowireCapableBeanFactory.java:458)
	at org.springframework.beans.factory.support.AbstractBeanFactory$1.getObject(AbstractBeanFactory.java:293)
	at org.springframework.beans.factory.support.DefaultSingletonBeanRegistry.getSingleton(DefaultSingletonBeanRegistry.java:223)
	at org.springframework.beans.factory.support.AbstractBeanFactory.doGetBean(AbstractBeanFactory.java:290)
	at org.springframework.beans.factory.support.AbstractBeanFactory.getBean(AbstractBeanFactory.java:191)
	at org.springframework.context.support.AbstractApplicationContext.getBean(AbstractApplicationContext.java:1117)
	at org.springframework.context.support.AbstractApplicationContext.finishBeanFactoryInitialization(AbstractApplicationContext.java:922)
	at org.springframework.context.support.AbstractApplicationContext.refresh(AbstractApplicationContext.java:479)
	at org.springframework.context.annotation.AnnotationConfigApplicationContext.&lt;init&gt;(AnnotationConfigApplicationContext.java:73)
	at com.mycompany.carshop.test.repository.AutomobileRepositoryTest.setUpClass(AutomobileRepositoryTest.java:117)
Caused by: javax.persistence.PersistenceException: [PersistenceUnit: default] Unable to build EntityManagerFactory
	at org.hibernate.ejb.Ejb3Configuration.buildEntityManagerFactory(Ejb3Configuration.java:924)
	at org.hibernate.ejb.Ejb3Configuration.buildEntityManagerFactory(Ejb3Configuration.java:899)
	at org.hibernate.ejb.HibernatePersistence.createContainerEntityManagerFactory(HibernatePersistence.java:76)
	at org.springframework.orm.jpa.LocalContainerEntityManagerFactoryBean.createNativeEntityManagerFactory(LocalContainerEntityManagerFactoryBean.java:290)
	at org.springframework.orm.jpa.AbstractEntityManagerFactoryBean.afterPropertiesSet(AbstractEntityManagerFactoryBean.java:310)
	at org.springframework.beans.factory.support.AbstractAutowireCapableBeanFactory.invokeInitMethods(AbstractAutowireCapableBeanFactory.java:1572)
	at org.springframework.beans.factory.support.AbstractAutowireCapableBeanFactory.initializeBean(AbstractAutowireCapableBeanFactory.java:1510)
	... 45 more
Caused by: org.hibernate.MappingException: Repeated column in mapping for entity: com.mycompany.carshop.domain.Automobile column: unitPrice (should be mapped with insert=&quot;false&quot; update=&quot;false&quot;)
	at org.hibernate.mapping.PersistentClass.checkColumnDuplication(PersistentClass.java:696)
	at org.hibernate.mapping.PersistentClass.checkPropertyColumnDuplication(PersistentClass.java:718)
	at org.hibernate.mapping.PersistentClass.checkColumnDuplication(PersistentClass.java:740)
	at org.hibernate.mapping.PersistentClass.validate(PersistentClass.java:493)
	at org.hibernate.mapping.RootClass.validate(RootClass.java:270)
	at org.hibernate.cfg.Configuration.validate(Configuration.java:1324)
	at org.hibernate.cfg.Configuration.buildSessionFactory(Configuration.java:1782)
	at org.hibernate.ejb.EntityManagerFactoryImpl.&lt;init&gt;(EntityManagerFactoryImpl.java:96)
	at org.hibernate.ejb.Ejb3Configuration.buildEntityManagerFactory(Ejb3Configuration.java:914)
	... 51 more
</failure>
    <system-err>Sep 04, 2014 5:48:15 PM org.hibernate.ejb.Ejb3Configuration configure
INFO: HHH000204: Processing PersistenceUnitInfo [
	name: default
	...]
Sep 04, 2014 5:48:15 PM org.hibernate.service.jdbc.connections.internal.ConnectionProviderInitiator instantiateExplicitConnectionProvider
INFO: HHH000130: Instantiating explicit connection provider: org.hibernate.ejb.connection.InjectedDataSourceConnectionProvider
Sep 04, 2014 5:48:15 PM org.hibernate.engine.jdbc.internal.JdbcServicesImpl configure
WARN: HHH000342: Could not obtain connection to query metadata : Cannot load JDBC driver class &apos;org.apache.derby.jdbc.ClientDriver&apos;
Sep 04, 2014 5:48:15 PM org.hibernate.dialect.Dialect &lt;init&gt;
INFO: HHH000400: Using dialect: org.hibernate.dialect.DerbyDialect
Sep 04, 2014 5:48:15 PM org.hibernate.dialect.DerbyDialect &lt;init&gt;
WARN: HHH000430: The DerbyDialect dialect has been deprecated; use one of the version-specific dialects instead
Sep 04, 2014 5:48:15 PM org.hibernate.dialect.DerbyDialect determineDriverVersion
WARN: HHH000328: Unable to load/access derby driver class sysinfo to check versions : org.apache.derby.tools.sysinfo
Sep 04, 2014 5:48:15 PM org.hibernate.engine.jdbc.internal.LobCreatorBuilder useContextualLobCreation
INFO: HHH000422: Disabling contextual LOB creation as connection was null
</system-err>
  </testcase>
  <testcase time="0.456" classname="com.mycompany.carshop.test.repository.AutomobileRepositoryTest" name="setUpMethod">
    <skipped/>
  </testcase>
  <testcase time="0" classname="com.mycompany.carshop.test.repository.AutomobileRepositoryTest" name="createAutomobile">
    <skipped/>
  </testcase>
  <testcase time="0" classname="com.mycompany.carshop.test.repository.AutomobileRepositoryTest" name="tearDownMethod">
    <skipped/>
  </testcase>
  <testcase time="0.436" classname="com.mycompany.carshop.test.repository.AutomobileTypeRepositoryTest" name="setUpClass">
    <failure message="Error creating bean with name &apos;entityManagerFactory&apos; defined in class com.mycompany.carshop.test.ConnectionConfigTest: Invocation of init method failed; nested exception is javax.persistence.PersistenceException: [PersistenceUnit: default] Unable to build EntityManagerFactory" type="org.springframework.beans.factory.BeanCreationException">org.springframework.beans.factory.BeanCreationException: Error creating bean with name &apos;entityManagerFactory&apos; defined in class com.mycompany.carshop.test.ConnectionConfigTest: Invocation of init method failed; nested exception is javax.persistence.PersistenceException: [PersistenceUnit: default] Unable to build EntityManagerFactory
	at org.springframework.beans.factory.support.AbstractAutowireCapableBeanFactory.initializeBean(AbstractAutowireCapableBeanFactory.java:1513)
	at org.springframework.beans.factory.support.AbstractAutowireCapableBeanFactory.doCreateBean(AbstractAutowireCapableBeanFactory.java:521)
	at org.springframework.beans.factory.support.AbstractAutowireCapableBeanFactory.createBean(AbstractAutowireCapableBeanFactory.java:458)
	at org.springframework.beans.factory.support.AbstractBeanFactory$1.getObject(AbstractBeanFactory.java:293)
	at org.springframework.beans.factory.support.DefaultSingletonBeanRegistry.getSingleton(DefaultSingletonBeanRegistry.java:223)
	at org.springframework.beans.factory.support.AbstractBeanFactory.doGetBean(AbstractBeanFactory.java:290)
	at org.springframework.beans.factory.support.AbstractBeanFactory.getBean(AbstractBeanFactory.java:191)
	at org.springframework.context.support.AbstractApplicationContext.getBean(AbstractApplicationContext.java:1117)
	at org.springframework.context.support.AbstractApplicationContext.finishBeanFactoryInitialization(AbstractApplicationContext.java:922)
	at org.springframework.context.support.AbstractApplicationContext.refresh(AbstractApplicationContext.java:479)
	at org.springframework.context.annotation.AnnotationConfigApplicationContext.&lt;init&gt;(AnnotationConfigApplicationContext.java:73)
	at com.mycompany.carshop.test.repository.AutomobileTypeRepositoryTest.setUpClass(AutomobileTypeRepositoryTest.java:154)
Caused by: javax.persistence.PersistenceException: [PersistenceUnit: default] Unable to build EntityManagerFactory
	at org.hibernate.ejb.Ejb3Configuration.buildEntityManagerFactory(Ejb3Configuration.java:924)
	at org.hibernate.ejb.Ejb3Configuration.buildEntityManagerFactory(Ejb3Configuration.java:899)
	at org.hibernate.ejb.HibernatePersistence.createContainerEntityManagerFactory(HibernatePersistence.java:76)
	at org.springframework.orm.jpa.LocalContainerEntityManagerFactoryBean.createNativeEntityManagerFactory(LocalContainerEntityManagerFactoryBean.java:290)
	at org.springframework.orm.jpa.AbstractEntityManagerFactoryBean.afterPropertiesSet(AbstractEntityManagerFactoryBean.java:310)
	at org.springframework.beans.factory.support.AbstractAutowireCapableBeanFactory.invokeInitMethods(AbstractAutowireCapableBeanFactory.java:1572)
	at org.springframework.beans.factory.support.AbstractAutowireCapableBeanFactory.initializeBean(AbstractAutowireCapableBeanFactory.java:1510)
	... 45 more
Caused by: org.hibernate.MappingException: Repeated column in mapping for entity: com.mycompany.carshop.domain.Automobile column: unitPrice (should be mapped with insert=&quot;false&quot; update=&quot;false&quot;)
	at org.hibernate.mapping.PersistentClass.checkColumnDuplication(PersistentClass.java:696)
	at org.hibernate.mapping.PersistentClass.checkPropertyColumnDuplication(PersistentClass.java:718)
	at org.hibernate.mapping.PersistentClass.checkColumnDuplication(PersistentClass.java:740)
	at org.hibernate.mapping.PersistentClass.validate(PersistentClass.java:493)
	at org.hibernate.mapping.RootClass.validate(RootClass.java:270)
	at org.hibernate.cfg.Configuration.validate(Configuration.java:1324)
	at org.hibernate.cfg.Configuration.buildSessionFactory(Configuration.java:1782)
	at org.hibernate.ejb.EntityManagerFactoryImpl.&lt;init&gt;(EntityManagerFactoryImpl.java:96)
	at org.hibernate.ejb.Ejb3Configuration.buildEntityManagerFactory(Ejb3Configuration.java:914)
	... 51 more
</failure>
    <system-err>Sep 04, 2014 5:48:15 PM org.hibernate.ejb.Ejb3Configuration configure
INFO: HHH000204: Processing PersistenceUnitInfo [
	name: default
	...]
Sep 04, 2014 5:48:16 PM org.hibernate.service.jdbc.connections.internal.ConnectionProviderInitiator instantiateExplicitConnectionProvider
INFO: HHH000130: Instantiating explicit connection provider: org.hibernate.ejb.connection.InjectedDataSourceConnectionProvider
Sep 04, 2014 5:48:16 PM org.hibernate.engine.jdbc.internal.JdbcServicesImpl configure
WARN: HHH000342: Could not obtain connection to query metadata : Cannot load JDBC driver class &apos;org.apache.derby.jdbc.ClientDriver&apos;
Sep 04, 2014 5:48:16 PM org.hibernate.dialect.Dialect &lt;init&gt;
INFO: HHH000400: Using dialect: org.hibernate.dialect.DerbyDialect
Sep 04, 2014 5:48:16 PM org.hibernate.dialect.DerbyDialect &lt;init&gt;
WARN: HHH000430: The DerbyDialect dialect has been deprecated; use one of the version-specific dialects instead
Sep 04, 2014 5:48:16 PM org.hibernate.dialect.DerbyDialect determineDriverVersion
WARN: HHH000328: Unable to load/access derby driver class sysinfo to check versions : org.apache.derby.tools.sysinfo
Sep 04, 2014 5:48:16 PM org.hibernate.engine.jdbc.internal.LobCreatorBuilder useContextualLobCreation
INFO: HHH000422: Disabling contextual LOB creation as connection was null
</system-err>
  </testcase>
  <testcase time="0.436" classname="com.mycompany.carshop.test.repository.AutomobileTypeRepositoryTest" name="setUpMethod">
    <skipped/>
  </testcase>
  <testcase time="0" classname="com.mycompany.carshop.test.repository.AutomobileTypeRepositoryTest" name="createAutomobileType">
    <skipped/>
  </testcase>
  <testcase time="0" classname="com.mycompany.carshop.test.repository.AutomobileTypeRepositoryTest" name="tearDownMethod">
    <skipped/>
  </testcase>
  <testcase time="0.471" classname="com.mycompany.carshop.test.repository.CreditCardRepositoryTest" name="setUpClass">
    <failure message="Error creating bean with name &apos;entityManagerFactory&apos; defined in class com.mycompany.carshop.test.ConnectionConfigTest: Invocation of init method failed; nested exception is javax.persistence.PersistenceException: [PersistenceUnit: default] Unable to build EntityManagerFactory" type="org.springframework.beans.factory.BeanCreationException">org.springframework.beans.factory.BeanCreationException: Error creating bean with name &apos;entityManagerFactory&apos; defined in class com.mycompany.carshop.test.ConnectionConfigTest: Invocation of init method failed; nested exception is javax.persistence.PersistenceException: [PersistenceUnit: default] Unable to build EntityManagerFactory
	at org.springframework.beans.factory.support.AbstractAutowireCapableBeanFactory.initializeBean(AbstractAutowireCapableBeanFactory.java:1513)
	at org.springframework.beans.factory.support.AbstractAutowireCapableBeanFactory.doCreateBean(AbstractAutowireCapableBeanFactory.java:521)
	at org.springframework.beans.factory.support.AbstractAutowireCapableBeanFactory.createBean(AbstractAutowireCapableBeanFactory.java:458)
	at org.springframework.beans.factory.support.AbstractBeanFactory$1.getObject(AbstractBeanFactory.java:293)
	at org.springframework.beans.factory.support.DefaultSingletonBeanRegistry.getSingleton(DefaultSingletonBeanRegistry.java:223)
	at org.springframework.beans.factory.support.AbstractBeanFactory.doGetBean(AbstractBeanFactory.java:290)
	at org.springframework.beans.factory.support.AbstractBeanFactory.getBean(AbstractBeanFactory.java:191)
	at org.springframework.context.support.AbstractApplicationContext.getBean(AbstractApplicationContext.java:1117)
	at org.springframework.context.support.AbstractApplicationContext.finishBeanFactoryInitialization(AbstractApplicationContext.java:922)
	at org.springframework.context.support.AbstractApplicationContext.refresh(AbstractApplicationContext.java:479)
	at org.springframework.context.annotation.AnnotationConfigApplicationContext.&lt;init&gt;(AnnotationConfigApplicationContext.java:73)
	at com.mycompany.carshop.test.repository.CreditCardRepositoryTest.setUpClass(CreditCardRepositoryTest.java:94)
Caused by: javax.persistence.PersistenceException: [PersistenceUnit: default] Unable to build EntityManagerFactory
	at org.hibernate.ejb.Ejb3Configuration.buildEntityManagerFactory(Ejb3Configuration.java:924)
	at org.hibernate.ejb.Ejb3Configuration.buildEntityManagerFactory(Ejb3Configuration.java:899)
	at org.hibernate.ejb.HibernatePersistence.createContainerEntityManagerFactory(HibernatePersistence.java:76)
	at org.springframework.orm.jpa.LocalContainerEntityManagerFactoryBean.createNativeEntityManagerFactory(LocalContainerEntityManagerFactoryBean.java:290)
	at org.springframework.orm.jpa.AbstractEntityManagerFactoryBean.afterPropertiesSet(AbstractEntityManagerFactoryBean.java:310)
	at org.springframework.beans.factory.support.AbstractAutowireCapableBeanFactory.invokeInitMethods(AbstractAutowireCapableBeanFactory.java:1572)
	at org.springframework.beans.factory.support.AbstractAutowireCapableBeanFactory.initializeBean(AbstractAutowireCapableBeanFactory.java:1510)
	... 45 more
Caused by: org.hibernate.MappingException: Repeated column in mapping for entity: com.mycompany.carshop.domain.Automobile column: unitPrice (should be mapped with insert=&quot;false&quot; update=&quot;false&quot;)
	at org.hibernate.mapping.PersistentClass.checkColumnDuplication(PersistentClass.java:696)
	at org.hibernate.mapping.PersistentClass.checkPropertyColumnDuplication(PersistentClass.java:718)
	at org.hibernate.mapping.PersistentClass.checkColumnDuplication(PersistentClass.java:740)
	at org.hibernate.mapping.PersistentClass.validate(PersistentClass.java:493)
	at org.hibernate.mapping.RootClass.validate(RootClass.java:270)
	at org.hibernate.cfg.Configuration.validate(Configuration.java:1324)
	at org.hibernate.cfg.Configuration.buildSessionFactory(Configuration.java:1782)
	at org.hibernate.ejb.EntityManagerFactoryImpl.&lt;init&gt;(EntityManagerFactoryImpl.java:96)
	at org.hibernate.ejb.Ejb3Configuration.buildEntityManagerFactory(Ejb3Configuration.java:914)
	... 51 more
</failure>
    <system-err>Sep 04, 2014 5:48:16 PM org.hibernate.ejb.Ejb3Configuration configure
INFO: HHH000204: Processing PersistenceUnitInfo [
	name: default
	...]
Sep 04, 2014 5:48:16 PM org.hibernate.service.jdbc.connections.internal.ConnectionProviderInitiator instantiateExplicitConnectionProvider
INFO: HHH000130: Instantiating explicit connection provider: org.hibernate.ejb.connection.InjectedDataSourceConnectionProvider
Sep 04, 2014 5:48:16 PM org.hibernate.engine.jdbc.internal.JdbcServicesImpl configure
WARN: HHH000342: Could not obtain connection to query metadata : Cannot load JDBC driver class &apos;org.apache.derby.jdbc.ClientDriver&apos;
Sep 04, 2014 5:48:16 PM org.hibernate.dialect.Dialect &lt;init&gt;
INFO: HHH000400: Using dialect: org.hibernate.dialect.DerbyDialect
Sep 04, 2014 5:48:16 PM org.hibernate.dialect.DerbyDialect &lt;init&gt;
WARN: HHH000430: The DerbyDialect dialect has been deprecated; use one of the version-specific dialects instead
Sep 04, 2014 5:48:16 PM org.hibernate.dialect.DerbyDialect determineDriverVersion
WARN: HHH000328: Unable to load/access derby driver class sysinfo to check versions : org.apache.derby.tools.sysinfo
Sep 04, 2014 5:48:16 PM org.hibernate.engine.jdbc.internal.LobCreatorBuilder useContextualLobCreation
INFO: HHH000422: Disabling contextual LOB creation as connection was null
</system-err>
  </testcase>
  <testcase time="0.471" classname="com.mycompany.carshop.test.repository.CreditCardRepositoryTest" name="setUpMethod">
    <skipped/>
  </testcase>
  <testcase time="0" classname="com.mycompany.carshop.test.repository.CreditCardRepositoryTest" name="createCreditCard">
    <skipped/>
  </testcase>
  <testcase time="0" classname="com.mycompany.carshop.test.repository.CreditCardRepositoryTest" name="tearDownMethod">
    <skipped/>
  </testcase>
  <testcase time="0.492" classname="com.mycompany.carshop.test.repository.CustomerAddressRepositoryTest" name="setUpClass">
    <failure message="Error creating bean with name &apos;entityManagerFactory&apos; defined in class com.mycompany.carshop.test.ConnectionConfigTest: Invocation of init method failed; nested exception is javax.persistence.PersistenceException: [PersistenceUnit: default] Unable to build EntityManagerFactory" type="org.springframework.beans.factory.BeanCreationException">org.springframework.beans.factory.BeanCreationException: Error creating bean with name &apos;entityManagerFactory&apos; defined in class com.mycompany.carshop.test.ConnectionConfigTest: Invocation of init method failed; nested exception is javax.persistence.PersistenceException: [PersistenceUnit: default] Unable to build EntityManagerFactory
	at org.springframework.beans.factory.support.AbstractAutowireCapableBeanFactory.initializeBean(AbstractAutowireCapableBeanFactory.java:1513)
	at org.springframework.beans.factory.support.AbstractAutowireCapableBeanFactory.doCreateBean(AbstractAutowireCapableBeanFactory.java:521)
	at org.springframework.beans.factory.support.AbstractAutowireCapableBeanFactory.createBean(AbstractAutowireCapableBeanFactory.java:458)
	at org.springframework.beans.factory.support.AbstractBeanFactory$1.getObject(AbstractBeanFactory.java:293)
	at org.springframework.beans.factory.support.DefaultSingletonBeanRegistry.getSingleton(DefaultSingletonBeanRegistry.java:223)
	at org.springframework.beans.factory.support.AbstractBeanFactory.doGetBean(AbstractBeanFactory.java:290)
	at org.springframework.beans.factory.support.AbstractBeanFactory.getBean(AbstractBeanFactory.java:191)
	at org.springframework.context.support.AbstractApplicationContext.getBean(AbstractApplicationContext.java:1117)
	at org.springframework.context.support.AbstractApplicationContext.finishBeanFactoryInitialization(AbstractApplicationContext.java:922)
	at org.springframework.context.support.AbstractApplicationContext.refresh(AbstractApplicationContext.java:479)
	at org.springframework.context.annotation.AnnotationConfigApplicationContext.&lt;init&gt;(AnnotationConfigApplicationContext.java:73)
	at com.mycompany.carshop.test.repository.CustomerAddressRepositoryTest.setUpClass(CustomerAddressRepositoryTest.java:85)
Caused by: javax.persistence.PersistenceException: [PersistenceUnit: default] Unable to build EntityManagerFactory
	at org.hibernate.ejb.Ejb3Configuration.buildEntityManagerFactory(Ejb3Configuration.java:924)
	at org.hibernate.ejb.Ejb3Configuration.buildEntityManagerFactory(Ejb3Configuration.java:899)
	at org.hibernate.ejb.HibernatePersistence.createContainerEntityManagerFactory(HibernatePersistence.java:76)
	at org.springframework.orm.jpa.LocalContainerEntityManagerFactoryBean.createNativeEntityManagerFactory(LocalContainerEntityManagerFactoryBean.java:290)
	at org.springframework.orm.jpa.AbstractEntityManagerFactoryBean.afterPropertiesSet(AbstractEntityManagerFactoryBean.java:310)
	at org.springframework.beans.factory.support.AbstractAutowireCapableBeanFactory.invokeInitMethods(AbstractAutowireCapableBeanFactory.java:1572)
	at org.springframework.beans.factory.support.AbstractAutowireCapableBeanFactory.initializeBean(AbstractAutowireCapableBeanFactory.java:1510)
	... 45 more
Caused by: org.hibernate.MappingException: Repeated column in mapping for entity: com.mycompany.carshop.domain.Automobile column: unitPrice (should be mapped with insert=&quot;false&quot; update=&quot;false&quot;)
	at org.hibernate.mapping.PersistentClass.checkColumnDuplication(PersistentClass.java:696)
	at org.hibernate.mapping.PersistentClass.checkPropertyColumnDuplication(PersistentClass.java:718)
	at org.hibernate.mapping.PersistentClass.checkColumnDuplication(PersistentClass.java:740)
	at org.hibernate.mapping.PersistentClass.validate(PersistentClass.java:493)
	at org.hibernate.mapping.RootClass.validate(RootClass.java:270)
	at org.hibernate.cfg.Configuration.validate(Configuration.java:1324)
	at org.hibernate.cfg.Configuration.buildSessionFactory(Configuration.java:1782)
	at org.hibernate.ejb.EntityManagerFactoryImpl.&lt;init&gt;(EntityManagerFactoryImpl.java:96)
	at org.hibernate.ejb.Ejb3Configuration.buildEntityManagerFactory(Ejb3Configuration.java:914)
	... 51 more
</failure>
    <system-err>Sep 04, 2014 5:48:16 PM org.hibernate.ejb.Ejb3Configuration configure
INFO: HHH000204: Processing PersistenceUnitInfo [
	name: default
	...]
Sep 04, 2014 5:48:16 PM org.hibernate.service.jdbc.connections.internal.ConnectionProviderInitiator instantiateExplicitConnectionProvider
INFO: HHH000130: Instantiating explicit connection provider: org.hibernate.ejb.connection.InjectedDataSourceConnectionProvider
Sep 04, 2014 5:48:16 PM org.hibernate.engine.jdbc.internal.JdbcServicesImpl configure
WARN: HHH000342: Could not obtain connection to query metadata : Cannot load JDBC driver class &apos;org.apache.derby.jdbc.ClientDriver&apos;
Sep 04, 2014 5:48:16 PM org.hibernate.dialect.Dialect &lt;init&gt;
INFO: HHH000400: Using dialect: org.hibernate.dialect.DerbyDialect
Sep 04, 2014 5:48:16 PM org.hibernate.dialect.DerbyDialect &lt;init&gt;
WARN: HHH000430: The DerbyDialect dialect has been deprecated; use one of the version-specific dialects instead
Sep 04, 2014 5:48:16 PM org.hibernate.dialect.DerbyDialect determineDriverVersion
WARN: HHH000328: Unable to load/access derby driver class sysinfo to check versions : org.apache.derby.tools.sysinfo
Sep 04, 2014 5:48:16 PM org.hibernate.engine.jdbc.internal.LobCreatorBuilder useContextualLobCreation
INFO: HHH000422: Disabling contextual LOB creation as connection was null
</system-err>
  </testcase>
  <testcase time="0.492" classname="com.mycompany.carshop.test.repository.CustomerAddressRepositoryTest" name="setUpMethod">
    <skipped/>
  </testcase>
  <testcase time="0" classname="com.mycompany.carshop.test.repository.CustomerAddressRepositoryTest" name="createCustomerAddress">
    <skipped/>
  </testcase>
  <testcase time="0" classname="com.mycompany.carshop.test.repository.CustomerAddressRepositoryTest" name="tearDownMethod">
    <skipped/>
  </testcase>
  <testcase time="0.485" classname="com.mycompany.carshop.test.services.CustomerInfoServiceTest" name="setUpClass">
    <failure message="Error creating bean with name &apos;entityManagerFactory&apos; defined in class com.mycompany.carshop.test.ConnectionConfigTest: Invocation of init method failed; nested exception is javax.persistence.PersistenceException: [PersistenceUnit: default] Unable to build EntityManagerFactory" type="org.springframework.beans.factory.BeanCreationException">org.springframework.beans.factory.BeanCreationException: Error creating bean with name &apos;entityManagerFactory&apos; defined in class com.mycompany.carshop.test.ConnectionConfigTest: Invocation of init method failed; nested exception is javax.persistence.PersistenceException: [PersistenceUnit: default] Unable to build EntityManagerFactory
	at org.springframework.beans.factory.support.AbstractAutowireCapableBeanFactory.initializeBean(AbstractAutowireCapableBeanFactory.java:1513)
	at org.springframework.beans.factory.support.AbstractAutowireCapableBeanFactory.doCreateBean(AbstractAutowireCapableBeanFactory.java:521)
	at org.springframework.beans.factory.support.AbstractAutowireCapableBeanFactory.createBean(AbstractAutowireCapableBeanFactory.java:458)
	at org.springframework.beans.factory.support.AbstractBeanFactory$1.getObject(AbstractBeanFactory.java:293)
	at org.springframework.beans.factory.support.DefaultSingletonBeanRegistry.getSingleton(DefaultSingletonBeanRegistry.java:223)
	at org.springframework.beans.factory.support.AbstractBeanFactory.doGetBean(AbstractBeanFactory.java:290)
	at org.springframework.beans.factory.support.AbstractBeanFactory.getBean(AbstractBeanFactory.java:191)
	at org.springframework.context.support.AbstractApplicationContext.getBean(AbstractApplicationContext.java:1117)
	at org.springframework.context.support.AbstractApplicationContext.finishBeanFactoryInitialization(AbstractApplicationContext.java:922)
	at org.springframework.context.support.AbstractApplicationContext.refresh(AbstractApplicationContext.java:479)
	at org.springframework.context.annotation.AnnotationConfigApplicationContext.&lt;init&gt;(AnnotationConfigApplicationContext.java:73)
	at com.mycompany.carshop.test.services.CustomerInfoServiceTest.setUpClass(CustomerInfoServiceTest.java:62)
Caused by: javax.persistence.PersistenceException: [PersistenceUnit: default] Unable to build EntityManagerFactory
	at org.hibernate.ejb.Ejb3Configuration.buildEntityManagerFactory(Ejb3Configuration.java:924)
	at org.hibernate.ejb.Ejb3Configuration.buildEntityManagerFactory(Ejb3Configuration.java:899)
	at org.hibernate.ejb.HibernatePersistence.createContainerEntityManagerFactory(HibernatePersistence.java:76)
	at org.springframework.orm.jpa.LocalContainerEntityManagerFactoryBean.createNativeEntityManagerFactory(LocalContainerEntityManagerFactoryBean.java:290)
	at org.springframework.orm.jpa.AbstractEntityManagerFactoryBean.afterPropertiesSet(AbstractEntityManagerFactoryBean.java:310)
	at org.springframework.beans.factory.support.AbstractAutowireCapableBeanFactory.invokeInitMethods(AbstractAutowireCapableBeanFactory.java:1572)
	at org.springframework.beans.factory.support.AbstractAutowireCapableBeanFactory.initializeBean(AbstractAutowireCapableBeanFactory.java:1510)
	... 45 more
Caused by: org.hibernate.MappingException: Repeated column in mapping for entity: com.mycompany.carshop.domain.Automobile column: unitPrice (should be mapped with insert=&quot;false&quot; update=&quot;false&quot;)
	at org.hibernate.mapping.PersistentClass.checkColumnDuplication(PersistentClass.java:696)
	at org.hibernate.mapping.PersistentClass.checkPropertyColumnDuplication(PersistentClass.java:718)
	at org.hibernate.mapping.PersistentClass.checkColumnDuplication(PersistentClass.java:740)
	at org.hibernate.mapping.PersistentClass.validate(PersistentClass.java:493)
	at org.hibernate.mapping.RootClass.validate(RootClass.java:270)
	at org.hibernate.cfg.Configuration.validate(Configuration.java:1324)
	at org.hibernate.cfg.Configuration.buildSessionFactory(Configuration.java:1782)
	at org.hibernate.ejb.EntityManagerFactoryImpl.&lt;init&gt;(EntityManagerFactoryImpl.java:96)
	at org.hibernate.ejb.Ejb3Configuration.buildEntityManagerFactory(Ejb3Configuration.java:914)
	... 51 more
</failure>
    <system-err>Sep 04, 2014 5:48:17 PM org.hibernate.ejb.Ejb3Configuration configure
INFO: HHH000204: Processing PersistenceUnitInfo [
	name: default
	...]
Sep 04, 2014 5:48:17 PM org.hibernate.service.jdbc.connections.internal.ConnectionProviderInitiator instantiateExplicitConnectionProvider
INFO: HHH000130: Instantiating explicit connection provider: org.hibernate.ejb.connection.InjectedDataSourceConnectionProvider
Sep 04, 2014 5:48:17 PM org.hibernate.engine.jdbc.internal.JdbcServicesImpl configure
WARN: HHH000342: Could not obtain connection to query metadata : Cannot load JDBC driver class &apos;org.apache.derby.jdbc.ClientDriver&apos;
Sep 04, 2014 5:48:17 PM org.hibernate.dialect.Dialect &lt;init&gt;
INFO: HHH000400: Using dialect: org.hibernate.dialect.DerbyDialect
Sep 04, 2014 5:48:17 PM org.hibernate.dialect.DerbyDialect &lt;init&gt;
WARN: HHH000430: The DerbyDialect dialect has been deprecated; use one of the version-specific dialects instead
Sep 04, 2014 5:48:17 PM org.hibernate.dialect.DerbyDialect determineDriverVersion
WARN: HHH000328: Unable to load/access derby driver class sysinfo to check versions : org.apache.derby.tools.sysinfo
Sep 04, 2014 5:48:17 PM org.hibernate.engine.jdbc.internal.LobCreatorBuilder useContextualLobCreation
INFO: HHH000422: Disabling contextual LOB creation as connection was null
</system-err>
  </testcase>
  <testcase time="0.486" classname="com.mycompany.carshop.test.services.CustomerInfoServiceTest" name="setUpMethod">
    <skipped/>
  </testcase>
  <testcase time="0" classname="com.mycompany.carshop.test.services.CustomerInfoServiceTest" name="getCustomerAddress">
    <skipped/>
  </testcase>
  <testcase time="0" classname="com.mycompany.carshop.test.services.CustomerInfoServiceTest" name="tearDownMethod">
    <skipped/>
  </testcase>
  <testcase time="0" classname="com.mycompany.carshop.test.services.CustomerInfoServiceTest" name="tearDownClass">
    <skipped/>
  </testcase>
  <testcase time="0.482" classname="com.mycompany.carshop.test.repository.CustomerInvoiceTest" name="setUpClass">
    <failure message="Error creating bean with name &apos;entityManagerFactory&apos; defined in class com.mycompany.carshop.test.ConnectionConfigTest: Invocation of init method failed; nested exception is javax.persistence.PersistenceException: [PersistenceUnit: default] Unable to build EntityManagerFactory" type="org.springframework.beans.factory.BeanCreationException">org.springframework.beans.factory.BeanCreationException: Error creating bean with name &apos;entityManagerFactory&apos; defined in class com.mycompany.carshop.test.ConnectionConfigTest: Invocation of init method failed; nested exception is javax.persistence.PersistenceException: [PersistenceUnit: default] Unable to build EntityManagerFactory
	at org.springframework.beans.factory.support.AbstractAutowireCapableBeanFactory.initializeBean(AbstractAutowireCapableBeanFactory.java:1513)
	at org.springframework.beans.factory.support.AbstractAutowireCapableBeanFactory.doCreateBean(AbstractAutowireCapableBeanFactory.java:521)
	at org.springframework.beans.factory.support.AbstractAutowireCapableBeanFactory.createBean(AbstractAutowireCapableBeanFactory.java:458)
	at org.springframework.beans.factory.support.AbstractBeanFactory$1.getObject(AbstractBeanFactory.java:293)
	at org.springframework.beans.factory.support.DefaultSingletonBeanRegistry.getSingleton(DefaultSingletonBeanRegistry.java:223)
	at org.springframework.beans.factory.support.AbstractBeanFactory.doGetBean(AbstractBeanFactory.java:290)
	at org.springframework.beans.factory.support.AbstractBeanFactory.getBean(AbstractBeanFactory.java:191)
	at org.springframework.context.support.AbstractApplicationContext.getBean(AbstractApplicationContext.java:1117)
	at org.springframework.context.support.AbstractApplicationContext.finishBeanFactoryInitialization(AbstractApplicationContext.java:922)
	at org.springframework.context.support.AbstractApplicationContext.refresh(AbstractApplicationContext.java:479)
	at org.springframework.context.annotation.AnnotationConfigApplicationContext.&lt;init&gt;(AnnotationConfigApplicationContext.java:73)
	at com.mycompany.carshop.test.repository.CustomerInvoiceTest.setUpClass(CustomerInvoiceTest.java:89)
Caused by: javax.persistence.PersistenceException: [PersistenceUnit: default] Unable to build EntityManagerFactory
	at org.hibernate.ejb.Ejb3Configuration.buildEntityManagerFactory(Ejb3Configuration.java:924)
	at org.hibernate.ejb.Ejb3Configuration.buildEntityManagerFactory(Ejb3Configuration.java:899)
	at org.hibernate.ejb.HibernatePersistence.createContainerEntityManagerFactory(HibernatePersistence.java:76)
	at org.springframework.orm.jpa.LocalContainerEntityManagerFactoryBean.createNativeEntityManagerFactory(LocalContainerEntityManagerFactoryBean.java:290)
	at org.springframework.orm.jpa.AbstractEntityManagerFactoryBean.afterPropertiesSet(AbstractEntityManagerFactoryBean.java:310)
	at org.springframework.beans.factory.support.AbstractAutowireCapableBeanFactory.invokeInitMethods(AbstractAutowireCapableBeanFactory.java:1572)
	at org.springframework.beans.factory.support.AbstractAutowireCapableBeanFactory.initializeBean(AbstractAutowireCapableBeanFactory.java:1510)
	... 45 more
Caused by: org.hibernate.MappingException: Repeated column in mapping for entity: com.mycompany.carshop.domain.Automobile column: unitPrice (should be mapped with insert=&quot;false&quot; update=&quot;false&quot;)
	at org.hibernate.mapping.PersistentClass.checkColumnDuplication(PersistentClass.java:696)
	at org.hibernate.mapping.PersistentClass.checkPropertyColumnDuplication(PersistentClass.java:718)
	at org.hibernate.mapping.PersistentClass.checkColumnDuplication(PersistentClass.java:740)
	at org.hibernate.mapping.PersistentClass.validate(PersistentClass.java:493)
	at org.hibernate.mapping.RootClass.validate(RootClass.java:270)
	at org.hibernate.cfg.Configuration.validate(Configuration.java:1324)
	at org.hibernate.cfg.Configuration.buildSessionFactory(Configuration.java:1782)
	at org.hibernate.ejb.EntityManagerFactoryImpl.&lt;init&gt;(EntityManagerFactoryImpl.java:96)
	at org.hibernate.ejb.Ejb3Configuration.buildEntityManagerFactory(Ejb3Configuration.java:914)
	... 51 more
</failure>
    <system-err>Sep 04, 2014 5:48:17 PM org.hibernate.ejb.Ejb3Configuration configure
INFO: HHH000204: Processing PersistenceUnitInfo [
	name: default
	...]
Sep 04, 2014 5:48:17 PM org.hibernate.service.jdbc.connections.internal.ConnectionProviderInitiator instantiateExplicitConnectionProvider
INFO: HHH000130: Instantiating explicit connection provider: org.hibernate.ejb.connection.InjectedDataSourceConnectionProvider
Sep 04, 2014 5:48:17 PM org.hibernate.engine.jdbc.internal.JdbcServicesImpl configure
WARN: HHH000342: Could not obtain connection to query metadata : Cannot load JDBC driver class &apos;org.apache.derby.jdbc.ClientDriver&apos;
Sep 04, 2014 5:48:17 PM org.hibernate.dialect.Dialect &lt;init&gt;
INFO: HHH000400: Using dialect: org.hibernate.dialect.DerbyDialect
Sep 04, 2014 5:48:17 PM org.hibernate.dialect.DerbyDialect &lt;init&gt;
WARN: HHH000430: The DerbyDialect dialect has been deprecated; use one of the version-specific dialects instead
Sep 04, 2014 5:48:17 PM org.hibernate.dialect.DerbyDialect determineDriverVersion
WARN: HHH000328: Unable to load/access derby driver class sysinfo to check versions : org.apache.derby.tools.sysinfo
Sep 04, 2014 5:48:17 PM org.hibernate.engine.jdbc.internal.LobCreatorBuilder useContextualLobCreation
INFO: HHH000422: Disabling contextual LOB creation as connection was null
</system-err>
  </testcase>
  <testcase time="0.482" classname="com.mycompany.carshop.test.repository.CustomerInvoiceTest" name="setUpMethod">
    <skipped/>
  </testcase>
  <testcase time="0" classname="com.mycompany.carshop.test.repository.CustomerInvoiceTest" name="createInvoice">
    <skipped/>
  </testcase>
  <testcase time="0" classname="com.mycompany.carshop.test.repository.CustomerInvoiceTest" name="tearDownMethod">
    <skipped/>
  </testcase>
  <testcase time="0.483" classname="com.mycompany.carshop.test.repository.CustomerRepositoryTest" name="setUpClass">
    <failure message="Error creating bean with name &apos;entityManagerFactory&apos; defined in class com.mycompany.carshop.test.ConnectionConfigTest: Invocation of init method failed; nested exception is javax.persistence.PersistenceException: [PersistenceUnit: default] Unable to build EntityManagerFactory" type="org.springframework.beans.factory.BeanCreationException">org.springframework.beans.factory.BeanCreationException: Error creating bean with name &apos;entityManagerFactory&apos; defined in class com.mycompany.carshop.test.ConnectionConfigTest: Invocation of init method failed; nested exception is javax.persistence.PersistenceException: [PersistenceUnit: default] Unable to build EntityManagerFactory
	at org.springframework.beans.factory.support.AbstractAutowireCapableBeanFactory.initializeBean(AbstractAutowireCapableBeanFactory.java:1513)
	at org.springframework.beans.factory.support.AbstractAutowireCapableBeanFactory.doCreateBean(AbstractAutowireCapableBeanFactory.java:521)
	at org.springframework.beans.factory.support.AbstractAutowireCapableBeanFactory.createBean(AbstractAutowireCapableBeanFactory.java:458)
	at org.springframework.beans.factory.support.AbstractBeanFactory$1.getObject(AbstractBeanFactory.java:293)
	at org.springframework.beans.factory.support.DefaultSingletonBeanRegistry.getSingleton(DefaultSingletonBeanRegistry.java:223)
	at org.springframework.beans.factory.support.AbstractBeanFactory.doGetBean(AbstractBeanFactory.java:290)
	at org.springframework.beans.factory.support.AbstractBeanFactory.getBean(AbstractBeanFactory.java:191)
	at org.springframework.context.support.AbstractApplicationContext.getBean(AbstractApplicationContext.java:1117)
	at org.springframework.context.support.AbstractApplicationContext.finishBeanFactoryInitialization(AbstractApplicationContext.java:922)
	at org.springframework.context.support.AbstractApplicationContext.refresh(AbstractApplicationContext.java:479)
	at org.springframework.context.annotation.AnnotationConfigApplicationContext.&lt;init&gt;(AnnotationConfigApplicationContext.java:73)
	at com.mycompany.carshop.test.repository.CustomerRepositoryTest.setUpClass(CustomerRepositoryTest.java:151)
Caused by: javax.persistence.PersistenceException: [PersistenceUnit: default] Unable to build EntityManagerFactory
	at org.hibernate.ejb.Ejb3Configuration.buildEntityManagerFactory(Ejb3Configuration.java:924)
	at org.hibernate.ejb.Ejb3Configuration.buildEntityManagerFactory(Ejb3Configuration.java:899)
	at org.hibernate.ejb.HibernatePersistence.createContainerEntityManagerFactory(HibernatePersistence.java:76)
	at org.springframework.orm.jpa.LocalContainerEntityManagerFactoryBean.createNativeEntityManagerFactory(LocalContainerEntityManagerFactoryBean.java:290)
	at org.springframework.orm.jpa.AbstractEntityManagerFactoryBean.afterPropertiesSet(AbstractEntityManagerFactoryBean.java:310)
	at org.springframework.beans.factory.support.AbstractAutowireCapableBeanFactory.invokeInitMethods(AbstractAutowireCapableBeanFactory.java:1572)
	at org.springframework.beans.factory.support.AbstractAutowireCapableBeanFactory.initializeBean(AbstractAutowireCapableBeanFactory.java:1510)
	... 45 more
Caused by: org.hibernate.MappingException: Repeated column in mapping for entity: com.mycompany.carshop.domain.Automobile column: unitPrice (should be mapped with insert=&quot;false&quot; update=&quot;false&quot;)
	at org.hibernate.mapping.PersistentClass.checkColumnDuplication(PersistentClass.java:696)
	at org.hibernate.mapping.PersistentClass.checkPropertyColumnDuplication(PersistentClass.java:718)
	at org.hibernate.mapping.PersistentClass.checkColumnDuplication(PersistentClass.java:740)
	at org.hibernate.mapping.PersistentClass.validate(PersistentClass.java:493)
	at org.hibernate.mapping.RootClass.validate(RootClass.java:270)
	at org.hibernate.cfg.Configuration.validate(Configuration.java:1324)
	at org.hibernate.cfg.Configuration.buildSessionFactory(Configuration.java:1782)
	at org.hibernate.ejb.EntityManagerFactoryImpl.&lt;init&gt;(EntityManagerFactoryImpl.java:96)
	at org.hibernate.ejb.Ejb3Configuration.buildEntityManagerFactory(Ejb3Configuration.java:914)
	... 51 more
</failure>
    <system-err>Sep 04, 2014 5:48:18 PM org.hibernate.ejb.Ejb3Configuration configure
INFO: HHH000204: Processing PersistenceUnitInfo [
	name: default
	...]
Sep 04, 2014 5:48:18 PM org.hibernate.service.jdbc.connections.internal.ConnectionProviderInitiator instantiateExplicitConnectionProvider
INFO: HHH000130: Instantiating explicit connection provider: org.hibernate.ejb.connection.InjectedDataSourceConnectionProvider
Sep 04, 2014 5:48:18 PM org.hibernate.engine.jdbc.internal.JdbcServicesImpl configure
WARN: HHH000342: Could not obtain connection to query metadata : Cannot load JDBC driver class &apos;org.apache.derby.jdbc.ClientDriver&apos;
Sep 04, 2014 5:48:18 PM org.hibernate.dialect.Dialect &lt;init&gt;
INFO: HHH000400: Using dialect: org.hibernate.dialect.DerbyDialect
Sep 04, 2014 5:48:18 PM org.hibernate.dialect.DerbyDialect &lt;init&gt;
WARN: HHH000430: The DerbyDialect dialect has been deprecated; use one of the version-specific dialects instead
Sep 04, 2014 5:48:18 PM org.hibernate.dialect.DerbyDialect determineDriverVersion
WARN: HHH000328: Unable to load/access derby driver class sysinfo to check versions : org.apache.derby.tools.sysinfo
Sep 04, 2014 5:48:18 PM org.hibernate.engine.jdbc.internal.LobCreatorBuilder useContextualLobCreation
INFO: HHH000422: Disabling contextual LOB creation as connection was null
</system-err>
  </testcase>
  <testcase time="0.483" classname="com.mycompany.carshop.test.repository.CustomerRepositoryTest" name="setUpMethod">
    <skipped/>
  </testcase>
  <testcase time="0" classname="com.mycompany.carshop.test.repository.CustomerRepositoryTest" name="createCustomer">
    <skipped/>
  </testcase>
  <testcase time="0.001" classname="com.mycompany.carshop.test.repository.CustomerRepositoryTest" name="tearDownMethod">
    <skipped/>
  </testcase>
  <testcase time="0.484" classname="com.mycompany.carshop.test.repository.OrderRepositoryTest" name="setUpClass">
    <failure message="Error creating bean with name &apos;entityManagerFactory&apos; defined in class com.mycompany.carshop.test.ConnectionConfigTest: Invocation of init method failed; nested exception is javax.persistence.PersistenceException: [PersistenceUnit: default] Unable to build EntityManagerFactory" type="org.springframework.beans.factory.BeanCreationException">org.springframework.beans.factory.BeanCreationException: Error creating bean with name &apos;entityManagerFactory&apos; defined in class com.mycompany.carshop.test.ConnectionConfigTest: Invocation of init method failed; nested exception is javax.persistence.PersistenceException: [PersistenceUnit: default] Unable to build EntityManagerFactory
	at org.springframework.beans.factory.support.AbstractAutowireCapableBeanFactory.initializeBean(AbstractAutowireCapableBeanFactory.java:1513)
	at org.springframework.beans.factory.support.AbstractAutowireCapableBeanFactory.doCreateBean(AbstractAutowireCapableBeanFactory.java:521)
	at org.springframework.beans.factory.support.AbstractAutowireCapableBeanFactory.createBean(AbstractAutowireCapableBeanFactory.java:458)
	at org.springframework.beans.factory.support.AbstractBeanFactory$1.getObject(AbstractBeanFactory.java:293)
	at org.springframework.beans.factory.support.DefaultSingletonBeanRegistry.getSingleton(DefaultSingletonBeanRegistry.java:223)
	at org.springframework.beans.factory.support.AbstractBeanFactory.doGetBean(AbstractBeanFactory.java:290)
	at org.springframework.beans.factory.support.AbstractBeanFactory.getBean(AbstractBeanFactory.java:191)
	at org.springframework.context.support.AbstractApplicationContext.getBean(AbstractApplicationContext.java:1117)
	at org.springframework.context.support.AbstractApplicationContext.finishBeanFactoryInitialization(AbstractApplicationContext.java:922)
	at org.springframework.context.support.AbstractApplicationContext.refresh(AbstractApplicationContext.java:479)
	at org.springframework.context.annotation.AnnotationConfigApplicationContext.&lt;init&gt;(AnnotationConfigApplicationContext.java:73)
	at com.mycompany.carshop.test.repository.OrderRepositoryTest.setUpClass(OrderRepositoryTest.java:133)
Caused by: javax.persistence.PersistenceException: [PersistenceUnit: default] Unable to build EntityManagerFactory
	at org.hibernate.ejb.Ejb3Configuration.buildEntityManagerFactory(Ejb3Configuration.java:924)
	at org.hibernate.ejb.Ejb3Configuration.buildEntityManagerFactory(Ejb3Configuration.java:899)
	at org.hibernate.ejb.HibernatePersistence.createContainerEntityManagerFactory(HibernatePersistence.java:76)
	at org.springframework.orm.jpa.LocalContainerEntityManagerFactoryBean.createNativeEntityManagerFactory(LocalContainerEntityManagerFactoryBean.java:290)
	at org.springframework.orm.jpa.AbstractEntityManagerFactoryBean.afterPropertiesSet(AbstractEntityManagerFactoryBean.java:310)
	at org.springframework.beans.factory.support.AbstractAutowireCapableBeanFactory.invokeInitMethods(AbstractAutowireCapableBeanFactory.java:1572)
	at org.springframework.beans.factory.support.AbstractAutowireCapableBeanFactory.initializeBean(AbstractAutowireCapableBeanFactory.java:1510)
	... 45 more
Caused by: org.hibernate.MappingException: Repeated column in mapping for entity: com.mycompany.carshop.domain.Automobile column: unitPrice (should be mapped with insert=&quot;false&quot; update=&quot;false&quot;)
	at org.hibernate.mapping.PersistentClass.checkColumnDuplication(PersistentClass.java:696)
	at org.hibernate.mapping.PersistentClass.checkPropertyColumnDuplication(PersistentClass.java:718)
	at org.hibernate.mapping.PersistentClass.checkColumnDuplication(PersistentClass.java:740)
	at org.hibernate.mapping.PersistentClass.validate(PersistentClass.java:493)
	at org.hibernate.mapping.RootClass.validate(RootClass.java:270)
	at org.hibernate.cfg.Configuration.validate(Configuration.java:1324)
	at org.hibernate.cfg.Configuration.buildSessionFactory(Configuration.java:1782)
	at org.hibernate.ejb.EntityManagerFactoryImpl.&lt;init&gt;(EntityManagerFactoryImpl.java:96)
	at org.hibernate.ejb.Ejb3Configuration.buildEntityManagerFactory(Ejb3Configuration.java:914)
	... 51 more
</failure>
    <system-err>Sep 04, 2014 5:48:18 PM org.hibernate.ejb.Ejb3Configuration configure
INFO: HHH000204: Processing PersistenceUnitInfo [
	name: default
	...]
Sep 04, 2014 5:48:18 PM org.hibernate.service.jdbc.connections.internal.ConnectionProviderInitiator instantiateExplicitConnectionProvider
INFO: HHH000130: Instantiating explicit connection provider: org.hibernate.ejb.connection.InjectedDataSourceConnectionProvider
Sep 04, 2014 5:48:18 PM org.hibernate.engine.jdbc.internal.JdbcServicesImpl configure
WARN: HHH000342: Could not obtain connection to query metadata : Cannot load JDBC driver class &apos;org.apache.derby.jdbc.ClientDriver&apos;
Sep 04, 2014 5:48:18 PM org.hibernate.dialect.Dialect &lt;init&gt;
INFO: HHH000400: Using dialect: org.hibernate.dialect.DerbyDialect
Sep 04, 2014 5:48:18 PM org.hibernate.dialect.DerbyDialect &lt;init&gt;
WARN: HHH000430: The DerbyDialect dialect has been deprecated; use one of the version-specific dialects instead
Sep 04, 2014 5:48:18 PM org.hibernate.dialect.DerbyDialect determineDriverVersion
WARN: HHH000328: Unable to load/access derby driver class sysinfo to check versions : org.apache.derby.tools.sysinfo
Sep 04, 2014 5:48:18 PM org.hibernate.engine.jdbc.internal.LobCreatorBuilder useContextualLobCreation
INFO: HHH000422: Disabling contextual LOB creation as connection was null
</system-err>
  </testcase>
  <testcase time="0.484" classname="com.mycompany.carshop.test.repository.OrderRepositoryTest" name="setUpMethod">
    <skipped/>
  </testcase>
  <testcase time="0" classname="com.mycompany.carshop.test.repository.OrderRepositoryTest" name="createOrder">
    <skipped/>
  </testcase>
  <testcase time="0" classname="com.mycompany.carshop.test.repository.OrderRepositoryTest" name="tearDownMethod">
    <skipped/>
  </testcase>
  <testcase time="0.003" classname="com.mycompany.carshop.test.repository.AutoSupplierRepositoryTest" name="readAutoSupplier">
    <skipped/>
  </testcase>
  <testcase time="0.003" classname="com.mycompany.carshop.test.repository.AutomobileRepositoryTest" name="readAutomobile">
    <skipped/>
  </testcase>
  <testcase time="0.003" classname="com.mycompany.carshop.test.repository.AutomobileTypeRepositoryTest" name="readAutomobileType">
    <skipped/>
  </testcase>
  <testcase time="0.003" classname="com.mycompany.carshop.test.repository.CreditCardRepositoryTest" name="readCreditCard">
    <skipped/>
  </testcase>
  <testcase time="0.004" classname="com.mycompany.carshop.test.repository.CustomerAddressRepositoryTest" name="readCustomerAddress">
    <skipped/>
  </testcase>
  <testcase time="0.004" classname="com.mycompany.carshop.test.repository.CustomerInvoiceTest" name="readInvoice">
    <skipped/>
  </testcase>
  <testcase time="0.004" classname="com.mycompany.carshop.test.repository.CustomerRepositoryTest" name="readCustomer">
    <skipped/>
  </testcase>
  <testcase time="0.004" classname="com.mycompany.carshop.test.repository.OrderRepositoryTest" name="readOrder">
    <skipped/>
  </testcase>
  <testcase time="0.004" classname="com.mycompany.carshop.test.repository.AutoSupplierRepositoryTest" name="updateAutoSupplier">
    <skipped/>
  </testcase>
  <testcase time="0.004" classname="com.mycompany.carshop.test.repository.AutomobileRepositoryTest" name="updateAutomobile">
    <skipped/>
  </testcase>
  <testcase time="0.004" classname="com.mycompany.carshop.test.repository.AutomobileTypeRepositoryTest" name="updateAutomobileType">
    <skipped/>
  </testcase>
  <testcase time="0.005" classname="com.mycompany.carshop.test.repository.CreditCardRepositoryTest" name="updateCreditCard">
    <skipped/>
  </testcase>
  <testcase time="0.005" classname="com.mycompany.carshop.test.repository.CustomerAddressRepositoryTest" name="updateCustomerAddress">
    <skipped/>
  </testcase>
  <testcase time="0.005" classname="com.mycompany.carshop.test.repository.CustomerInvoiceTest" name="updateInvoice">
    <skipped/>
  </testcase>
  <testcase time="0.005" classname="com.mycompany.carshop.test.repository.CustomerRepositoryTest" name="updateCustomer">
    <skipped/>
  </testcase>
  <testcase time="0.007" classname="com.mycompany.carshop.test.repository.OrderRepositoryTest" name="updateOrder">
    <skipped/>
  </testcase>
  <testcase time="0.007" classname="com.mycompany.carshop.test.repository.AutoSupplierRepositoryTest" name="deleteAutoSupplier">
    <skipped/>
  </testcase>
  <testcase time="0.007" classname="com.mycompany.carshop.test.repository.AutoSupplierRepositoryTest" name="tearDownClass">
    <skipped/>
  </testcase>
  <testcase time="0.007" classname="com.mycompany.carshop.test.repository.AutomobileRepositoryTest" name="deleteAutomobile">
    <skipped/>
  </testcase>
  <testcase time="0.007" classname="com.mycompany.carshop.test.repository.AutomobileRepositoryTest" name="tearDownClass">
    <skipped/>
  </testcase>
  <testcase time="0.007" classname="com.mycompany.carshop.test.repository.AutomobileTypeRepositoryTest" name="deleteAutomobileType">
    <skipped/>
  </testcase>
  <testcase time="0.007" classname="com.mycompany.carshop.test.repository.AutomobileTypeRepositoryTest" name="tearDownClass">
    <skipped/>
  </testcase>
  <testcase time="0.007" classname="com.mycompany.carshop.test.repository.CreditCardRepositoryTest" name="deleteCreditCard">
    <skipped/>
  </testcase>
  <testcase time="0.007" classname="com.mycompany.carshop.test.repository.CreditCardRepositoryTest" name="tearDownClass">
    <skipped/>
  </testcase>
  <testcase time="0.007" classname="com.mycompany.carshop.test.repository.CustomerAddressRepositoryTest" name="deleteCustomerAddress">
    <skipped/>
  </testcase>
  <testcase time="0.007" classname="com.mycompany.carshop.test.repository.CustomerAddressRepositoryTest" name="tearDownClass">
    <skipped/>
  </testcase>
  <testcase time="0.007" classname="com.mycompany.carshop.test.repository.CustomerInvoiceTest" name="deleteInvoice">
    <skipped/>
  </testcase>
  <testcase time="0.007" classname="com.mycompany.carshop.test.repository.CustomerInvoiceTest" name="tearDownClass">
    <skipped/>
  </testcase>
  <testcase time="0.007" classname="com.mycompany.carshop.test.repository.CustomerRepositoryTest" name="deleteCustomer">
    <skipped/>
  </testcase>
  <testcase time="0.007" classname="com.mycompany.carshop.test.repository.CustomerRepositoryTest" name="tearDownClass">
    <skipped/>
  </testcase>
  <testcase time="0.007" classname="com.mycompany.carshop.test.repository.OrderRepositoryTest" name="deleteOrder">
    <skipped/>
  </testcase>
  <testcase time="0.007" classname="com.mycompany.carshop.test.repository.OrderRepositoryTest" name="tearDownClass">
    <skipped/>
  </testcase>
</testsuite>