<?xml version="1.0" encoding="UTF-8" ?>
<testsuite tests="26" failures="0" name="TestSuite" time="13.077" errors="0" skipped="0">
  <properties>
[...]
</properties>
  <testcase classname="com.mycompany.carshop.test.repository.AutoSupplierRepositoryTest" name="createAutoSupplier" time="0.1"/>
  <testcase classname="com.mycompany.carshop.test.repository.AutomobileRepositoryTest" name="createAutomobile" time="0.017"/>
  <testcase classname="com.mycompany.carshop.test.repository.AutomobileTypeRepositoryTest" name="createAutomobileType" time="0.037"/>
  <testcase classname="com.mycompany.carshop.test.repository.CreditCardRepositoryTest" name="createCreditCard" time="0.008"/>
  <testcase classname="com.mycompany.carshop.test.services.CreditCardServiceTest" name="testForCreditApproval" time="0.377"/>
  <testcase classname="com.mycompany.carshop.test.services.CreditCardServiceTest" name="testForInsufficientbalance" time="0.044"/>
  <testcase classname="com.mycompany.carshop.test.services.CreditCardServiceTest" name="testForWrongCreditCardExpiryDate" time="0.039"/>
  <testcase classname="com.mycompany.carshop.test.services.CustomerInfoServiceTest" name="getCustomerAddress" time="0.048"/>
  <testcase classname="com.mycompany.carshop.test.repository.CustomerInvoiceTest" name="createInvoice" time="0.009"/>
  <testcase classname="com.mycompany.carshop.test.repository.CustomerRepositoryTest" name="createCustomer" time="0.018"/>
  <testcase classname="com.mycompany.carshop.test.repository.MarketInformationRepositoryTest" name="createMarketingInfo" time="0.052"/>
  <testcase classname="com.mycompany.carshop.test.repository.OrderRepositoryTest" name="createOrder" time="0.058"/>
  <testcase classname="com.mycompany.carshop.test.services.ProcessInvoicesServiceTest" name="testProcessInvoicesService" time="0.071"/>
  <testcase classname="com.mycompany.carshop.test.services.SuppliersDetailsServiceTest" name="getCustomerAddress" time="0.01"/>
  <testcase classname="com.mycompany.carshop.test.repository.AutoSupplierRepositoryTest" name="readAutoSupplier" time="0.003"/>
  <testcase classname="com.mycompany.carshop.test.repository.AutomobileRepositoryTest" name="readAutomobile" time="0.003"/>
  <testcase classname="com.mycompany.carshop.test.repository.AutomobileTypeRepositoryTest" name="readAutomobileType" time="0.003"/>
  <testcase classname="com.mycompany.carshop.test.repository.CreditCardRepositoryTest" name="readCreditCard" time="0.002"/>
  <testcase classname="com.mycompany.carshop.test.repository.CustomerInvoiceTest" name="readInvoice" time="0.003"/>
  <testcase classname="com.mycompany.carshop.test.repository.CustomerRepositoryTest" name="readCustomer" time="0.001"/>
  <testcase classname="com.mycompany.carshop.test.repository.MarketInformationRepositoryTest" name="readMarketingInfo" time="0.004"/>
  <testcase classname="com.mycompany.carshop.test.repository.OrderRepositoryTest" name="readOrder" time="0.007"/>
  <testcase classname="com.mycompany.carshop.test.repository.AutomobileRepositoryTest" name="updateAutomobile" time="0.019"/>
  <testcase classname="com.mycompany.carshop.test.repository.CreditCardRepositoryTest" name="updateCreditCard" time="0.008"/>
  <testcase classname="com.mycompany.carshop.test.repository.CustomerRepositoryTest" name="updateCustomer" time="0.021"/>
  <testcase classname="com.mycompany.carshop.test.repository.MarketInformationRepositoryTest" name="updateMarketingInfo" time="0.01"/>
</testsuite>